2023-12-27 13:53:35,354 [Worker-5: Loading available Gradle versions] INFO  o.e.b.c.i.u.g.PublishedGradleVersions - Gradle version information cache is up-to-date. Trying to read.
2023-12-27 14:04:38,913 [Worker-1: Loading available Gradle versions] INFO  o.e.b.c.i.u.g.PublishedGradleVersions - Gradle version information cache is up-to-date. Trying to read.
2023-12-27 14:08:30,392 [Worker-8: Loading available Gradle versions] INFO  o.e.b.c.i.u.g.PublishedGradleVersions - Gradle version information cache is up-to-date. Trying to read.
2023-12-27 14:09:07,455 [Worker-12: Update Maven projects configuration] INFO  o.e.m.c.i.p.ProjectConfigurationManager - Update started
2023-12-27 14:09:10,498 [Worker-12: Update Maven projects configuration] INFO  o.e.m.c.i.l.LifecycleMappingFactory - Using org.eclipse.m2e.jdt.JarLifecycleMapping lifecycle mapping for MavenProject: com.example:Hello-Spring:1.0-SNAPSHOT @ C:\JavaLearning\JavaAdvanced\JavaAdvancedPart2\Spring\Hello-Spring\pom.xml.
2023-12-27 14:09:11,699 [Worker-14: Building] INFO  o.e.m.c.i.embedder.EclipseLogger - Using 'UTF-8' encoding to copy filtered resources.
2023-12-27 14:09:11,700 [Worker-14: Building] INFO  o.e.m.c.i.embedder.EclipseLogger - skip non existing resourceDirectory C:\JavaLearning\JavaAdvanced\JavaAdvancedPart2\Spring\Hello-Spring\src\main\resources
2023-12-27 14:09:11,704 [Worker-14: Building] INFO  o.e.m.c.i.embedder.EclipseLogger - Using 'UTF-8' encoding to copy filtered resources.
2023-12-27 14:09:11,704 [Worker-14: Building] INFO  o.e.m.c.i.embedder.EclipseLogger - skip non existing resourceDirectory C:\JavaLearning\JavaAdvanced\JavaAdvancedPart2\Spring\Hello-Spring\src\test\resources
2023-12-27 14:09:12,540 [Worker-12: Update Maven projects configuration] INFO  o.e.m.j.i.AbstractJavaProjectConfigurator - Adding source folder /Hello-Spring/src/main/java
2023-12-27 14:09:12,541 [Worker-12: Update Maven projects configuration] INFO  o.e.m.j.i.AbstractJavaProjectConfigurator - Adding resource folder /Hello-Spring/src/main/resources
2023-12-27 14:09:12,543 [Worker-12: Update Maven projects configuration] INFO  o.e.m.j.i.AbstractJavaProjectConfigurator - Adding source folder /Hello-Spring/src/test/java
2023-12-27 14:09:12,543 [Worker-12: Update Maven projects configuration] INFO  o.e.m.j.i.AbstractJavaProjectConfigurator - Adding resource folder /Hello-Spring/src/test/resources
2023-12-27 14:09:12,892 [Worker-12: Update Maven projects configuration] INFO  o.e.m.c.i.p.ProjectConfigurationManager - Update completed for 1 poms: local refresh takes 0.00 sec, refresh facades takes 3.00 sec, update config takes 2.00 sec 
2023-12-27 14:09:13,717 [Worker-2: Building] INFO  o.e.m.c.i.embedder.EclipseLogger - Using 'UTF-8' encoding to copy filtered resources.
2023-12-27 14:09:13,717 [Worker-2: Building] INFO  o.e.m.c.i.embedder.EclipseLogger - skip non existing resourceDirectory C:\JavaLearning\JavaAdvanced\JavaAdvancedPart2\Spring\Hello-Spring\src\main\resources
2023-12-27 14:09:13,720 [Worker-2: Building] INFO  o.e.m.c.i.embedder.EclipseLogger - Using 'UTF-8' encoding to copy filtered resources.
2023-12-27 14:09:13,720 [Worker-2: Building] INFO  o.e.m.c.i.embedder.EclipseLogger - skip non existing resourceDirectory C:\JavaLearning\JavaAdvanced\JavaAdvancedPart2\Spring\Hello-Spring\src\test\resources
2023-12-27 14:10:37,502 [Worker-17: Building] INFO  o.e.m.c.i.embedder.EclipseLogger - Using 'UTF-8' encoding to copy filtered resources.
2023-12-27 14:10:37,503 [Worker-17: Building] INFO  o.e.m.c.i.embedder.EclipseLogger - skip non existing resourceDirectory C:\JavaLearning\JavaAdvanced\JavaAdvancedPart2\Spring\Hello-Spring\src\main\resources
2023-12-27 14:10:37,506 [Worker-17: Building] INFO  o.e.m.c.i.embedder.EclipseLogger - Using 'UTF-8' encoding to copy filtered resources.
2023-12-27 14:10:37,507 [Worker-17: Building] INFO  o.e.m.c.i.embedder.EclipseLogger - skip non existing resourceDirectory C:\JavaLearning\JavaAdvanced\JavaAdvancedPart2\Spring\Hello-Spring\src\test\resources
2023-12-27 14:11:01,056 [Worker-16: Building] INFO  o.e.m.c.i.embedder.EclipseLogger - Using 'UTF-8' encoding to copy filtered resources.
2023-12-27 14:11:01,057 [Worker-16: Building] INFO  o.e.m.c.i.embedder.EclipseLogger - skip non existing resourceDirectory C:\JavaLearning\JavaAdvanced\JavaAdvancedPart2\Spring\Hello-Spring\src\main\resources
2023-12-27 14:11:01,060 [Worker-16: Building] INFO  o.e.m.c.i.embedder.EclipseLogger - Using 'UTF-8' encoding to copy filtered resources.
2023-12-27 14:11:01,060 [Worker-16: Building] INFO  o.e.m.c.i.embedder.EclipseLogger - skip non existing resourceDirectory C:\JavaLearning\JavaAdvanced\JavaAdvancedPart2\Spring\Hello-Spring\src\test\resources
2023-12-27 14:13:50,546 [Worker-8: Loading available Gradle versions] INFO  o.e.b.c.i.u.g.PublishedGradleVersions - Gradle version information cache is up-to-date. Trying to read.
2023-12-27 14:19:32,717 [Worker-11: Launching App] INFO  o.e.m.c.i.embedder.EclipseLogger - Using 'UTF-8' encoding to copy filtered resources.
2023-12-27 14:19:32,717 [Worker-11: Launching App] INFO  o.e.m.c.i.embedder.EclipseLogger - skip non existing resourceDirectory C:\JavaLearning\JavaAdvanced\JavaAdvancedPart2\Spring\Hello-Spring\src\main\resources
2023-12-27 14:19:32,717 [Worker-11: Launching App] INFO  o.e.m.c.i.embedder.EclipseLogger - Using 'UTF-8' encoding to copy filtered resources.
2023-12-27 14:19:32,717 [Worker-11: Launching App] INFO  o.e.m.c.i.embedder.EclipseLogger - skip non existing resourceDirectory C:\JavaLearning\JavaAdvanced\JavaAdvancedPart2\Spring\Hello-Spring\src\test\resources
2023-12-27 14:19:48,844 [Worker-13: Launching App] INFO  o.e.m.c.i.embedder.EclipseLogger - Using 'UTF-8' encoding to copy filtered resources.
2023-12-27 14:19:48,845 [Worker-13: Launching App] INFO  o.e.m.c.i.embedder.EclipseLogger - skip non existing resourceDirectory C:\JavaLearning\JavaAdvanced\JavaAdvancedPart2\Spring\Hello-Spring\src\main\resources
2023-12-27 14:19:48,849 [Worker-13: Launching App] INFO  o.e.m.c.i.embedder.EclipseLogger - Using 'UTF-8' encoding to copy filtered resources.
2023-12-27 14:19:48,849 [Worker-13: Launching App] INFO  o.e.m.c.i.embedder.EclipseLogger - skip non existing resourceDirectory C:\JavaLearning\JavaAdvanced\JavaAdvancedPart2\Spring\Hello-Spring\src\test\resources
2023-12-27 14:20:45,455 [Worker-16: Building] INFO  o.e.m.c.i.embedder.EclipseLogger - Using 'UTF-8' encoding to copy filtered resources.
2023-12-27 14:20:45,455 [Worker-16: Building] INFO  o.e.m.c.i.embedder.EclipseLogger - skip non existing resourceDirectory C:\JavaLearning\JavaAdvanced\JavaAdvancedPart2\Spring\Hello-Spring\src\main\resources
2023-12-27 14:20:45,457 [Worker-16: Building] INFO  o.e.m.c.i.embedder.EclipseLogger - Using 'UTF-8' encoding to copy filtered resources.
2023-12-27 14:20:45,457 [Worker-16: Building] INFO  o.e.m.c.i.embedder.EclipseLogger - skip non existing resourceDirectory C:\JavaLearning\JavaAdvanced\JavaAdvancedPart2\Spring\Hello-Spring\src\test\resources
2023-12-27 14:21:59,524 [Worker-12: Building] INFO  o.e.m.c.i.embedder.EclipseLogger - Using 'UTF-8' encoding to copy filtered resources.
2023-12-27 14:21:59,525 [Worker-12: Building] INFO  o.e.m.c.i.embedder.EclipseLogger - skip non existing resourceDirectory C:\JavaLearning\JavaAdvanced\JavaAdvancedPart2\Spring\Hello-Spring\src\main\resources
2023-12-27 14:21:59,527 [Worker-12: Building] INFO  o.e.m.c.i.embedder.EclipseLogger - Using 'UTF-8' encoding to copy filtered resources.
2023-12-27 14:21:59,527 [Worker-12: Building] INFO  o.e.m.c.i.embedder.EclipseLogger - skip non existing resourceDirectory C:\JavaLearning\JavaAdvanced\JavaAdvancedPart2\Spring\Hello-Spring\src\test\resources
2023-12-27 14:24:22,080 [Worker-8: Building] INFO  o.e.m.c.i.embedder.EclipseLogger - Using 'UTF-8' encoding to copy filtered resources.
2023-12-27 14:24:22,081 [Worker-8: Building] INFO  o.e.m.c.i.embedder.EclipseLogger - skip non existing resourceDirectory C:\JavaLearning\JavaAdvanced\JavaAdvancedPart2\Spring\Hello-Spring\src\main\resources
2023-12-27 14:24:22,082 [Worker-8: Building] INFO  o.e.m.c.i.embedder.EclipseLogger - Using 'UTF-8' encoding to copy filtered resources.
2023-12-27 14:24:22,082 [Worker-8: Building] INFO  o.e.m.c.i.embedder.EclipseLogger - skip non existing resourceDirectory C:\JavaLearning\JavaAdvanced\JavaAdvancedPart2\Spring\Hello-Spring\src\test\resources
2023-12-27 14:25:10,550 [Worker-21: Building] INFO  o.e.m.c.i.embedder.EclipseLogger - Using 'UTF-8' encoding to copy filtered resources.
2023-12-27 14:25:10,550 [Worker-21: Building] INFO  o.e.m.c.i.embedder.EclipseLogger - skip non existing resourceDirectory C:\JavaLearning\JavaAdvanced\JavaAdvancedPart2\Spring\Hello-Spring\src\main\resources
2023-12-27 14:25:10,550 [Worker-21: Building] INFO  o.e.m.c.i.embedder.EclipseLogger - Using 'UTF-8' encoding to copy filtered resources.
2023-12-27 14:25:10,550 [Worker-21: Building] INFO  o.e.m.c.i.embedder.EclipseLogger - skip non existing resourceDirectory C:\JavaLearning\JavaAdvanced\JavaAdvancedPart2\Spring\Hello-Spring\src\test\resources
2023-12-27 14:25:51,451 [Worker-21: Building] INFO  o.e.m.c.i.embedder.EclipseLogger - Using 'UTF-8' encoding to copy filtered resources.
2023-12-27 14:25:51,451 [Worker-21: Building] INFO  o.e.m.c.i.embedder.EclipseLogger - skip non existing resourceDirectory C:\JavaLearning\JavaAdvanced\JavaAdvancedPart2\Spring\Hello-Spring\src\main\resources
2023-12-27 14:25:51,453 [Worker-21: Building] INFO  o.e.m.c.i.embedder.EclipseLogger - Using 'UTF-8' encoding to copy filtered resources.
2023-12-27 14:25:51,453 [Worker-21: Building] INFO  o.e.m.c.i.embedder.EclipseLogger - skip non existing resourceDirectory C:\JavaLearning\JavaAdvanced\JavaAdvancedPart2\Spring\Hello-Spring\src\test\resources
2023-12-27 14:29:22,225 [Worker-23: Building] INFO  o.e.m.c.i.embedder.EclipseLogger - Using 'UTF-8' encoding to copy filtered resources.
2023-12-27 14:29:22,225 [Worker-23: Building] INFO  o.e.m.c.i.embedder.EclipseLogger - skip non existing resourceDirectory C:\JavaLearning\JavaAdvanced\JavaAdvancedPart2\Spring\Hello-Spring\src\main\resources
2023-12-27 14:29:22,228 [Worker-23: Building] INFO  o.e.m.c.i.embedder.EclipseLogger - Using 'UTF-8' encoding to copy filtered resources.
2023-12-27 14:29:22,228 [Worker-23: Building] INFO  o.e.m.c.i.embedder.EclipseLogger - skip non existing resourceDirectory C:\JavaLearning\JavaAdvanced\JavaAdvancedPart2\Spring\Hello-Spring\src\test\resources
2023-12-27 14:29:43,541 [Worker-3: Building] INFO  o.e.m.c.i.embedder.EclipseLogger - Using 'UTF-8' encoding to copy filtered resources.
2023-12-27 14:29:43,541 [Worker-3: Building] INFO  o.e.m.c.i.embedder.EclipseLogger - skip non existing resourceDirectory C:\JavaLearning\JavaAdvanced\JavaAdvancedPart2\Spring\Hello-Spring\src\main\resources
2023-12-27 14:29:43,541 [Worker-3: Building] INFO  o.e.m.c.i.embedder.EclipseLogger - Using 'UTF-8' encoding to copy filtered resources.
2023-12-27 14:29:43,541 [Worker-3: Building] INFO  o.e.m.c.i.embedder.EclipseLogger - skip non existing resourceDirectory C:\JavaLearning\JavaAdvanced\JavaAdvancedPart2\Spring\Hello-Spring\src\test\resources
2023-12-27 14:30:27,862 [Worker-13: Building] INFO  o.e.m.c.i.embedder.EclipseLogger - Using 'UTF-8' encoding to copy filtered resources.
2023-12-27 14:30:27,863 [Worker-13: Building] INFO  o.e.m.c.i.embedder.EclipseLogger - skip non existing resourceDirectory C:\JavaLearning\JavaAdvanced\JavaAdvancedPart2\Spring\Hello-Spring\src\main\resources
2023-12-27 14:30:27,864 [Worker-13: Building] INFO  o.e.m.c.i.embedder.EclipseLogger - Using 'UTF-8' encoding to copy filtered resources.
2023-12-27 14:30:27,865 [Worker-13: Building] INFO  o.e.m.c.i.embedder.EclipseLogger - skip non existing resourceDirectory C:\JavaLearning\JavaAdvanced\JavaAdvancedPart2\Spring\Hello-Spring\src\test\resources
2023-12-27 14:30:34,505 [Worker-22: Building] INFO  o.e.m.c.i.embedder.EclipseLogger - Using 'UTF-8' encoding to copy filtered resources.
2023-12-27 14:30:34,505 [Worker-22: Building] INFO  o.e.m.c.i.embedder.EclipseLogger - skip non existing resourceDirectory C:\JavaLearning\JavaAdvanced\JavaAdvancedPart2\Spring\Hello-Spring\src\main\resources
2023-12-27 14:30:34,507 [Worker-22: Building] INFO  o.e.m.c.i.embedder.EclipseLogger - Using 'UTF-8' encoding to copy filtered resources.
2023-12-27 14:30:34,507 [Worker-22: Building] INFO  o.e.m.c.i.embedder.EclipseLogger - skip non existing resourceDirectory C:\JavaLearning\JavaAdvanced\JavaAdvancedPart2\Spring\Hello-Spring\src\test\resources
2023-12-27 14:32:05,416 [Worker-23: Launching App] INFO  o.e.m.c.i.embedder.EclipseLogger - Using 'UTF-8' encoding to copy filtered resources.
2023-12-27 14:32:05,416 [Worker-23: Launching App] INFO  o.e.m.c.i.embedder.EclipseLogger - skip non existing resourceDirectory C:\JavaLearning\JavaAdvanced\JavaAdvancedPart2\Spring\Hello-Spring\src\main\resources
2023-12-27 14:32:05,419 [Worker-23: Launching App] INFO  o.e.m.c.i.embedder.EclipseLogger - Using 'UTF-8' encoding to copy filtered resources.
2023-12-27 14:32:05,419 [Worker-23: Launching App] INFO  o.e.m.c.i.embedder.EclipseLogger - skip non existing resourceDirectory C:\JavaLearning\JavaAdvanced\JavaAdvancedPart2\Spring\Hello-Spring\src\test\resources
2023-12-27 14:32:28,014 [Worker-24: Building] INFO  o.e.m.c.i.embedder.EclipseLogger - Using 'UTF-8' encoding to copy filtered resources.
2023-12-27 14:32:28,014 [Worker-24: Building] INFO  o.e.m.c.i.embedder.EclipseLogger - skip non existing resourceDirectory C:\JavaLearning\JavaAdvanced\JavaAdvancedPart2\Spring\Hello-Spring\src\main\resources
2023-12-27 14:32:28,014 [Worker-24: Building] INFO  o.e.m.c.i.embedder.EclipseLogger - Using 'UTF-8' encoding to copy filtered resources.
2023-12-27 14:32:28,014 [Worker-24: Building] INFO  o.e.m.c.i.embedder.EclipseLogger - skip non existing resourceDirectory C:\JavaLearning\JavaAdvanced\JavaAdvancedPart2\Spring\Hello-Spring\src\test\resources
2023-12-27 14:34:22,475 [Worker-24: Building] INFO  o.e.m.c.i.embedder.EclipseLogger - Using 'UTF-8' encoding to copy filtered resources.
2023-12-27 14:34:22,476 [Worker-24: Building] INFO  o.e.m.c.i.embedder.EclipseLogger - skip non existing resourceDirectory C:\JavaLearning\JavaAdvanced\JavaAdvancedPart2\Spring\Hello-Spring\src\main\resources
2023-12-27 14:34:22,477 [Worker-24: Building] INFO  o.e.m.c.i.embedder.EclipseLogger - Using 'UTF-8' encoding to copy filtered resources.
2023-12-27 14:34:22,478 [Worker-24: Building] INFO  o.e.m.c.i.embedder.EclipseLogger - skip non existing resourceDirectory C:\JavaLearning\JavaAdvanced\JavaAdvancedPart2\Spring\Hello-Spring\src\test\resources
2023-12-27 14:34:53,252 [Worker-24: Building] INFO  o.e.m.c.i.embedder.EclipseLogger - Using 'UTF-8' encoding to copy filtered resources.
2023-12-27 14:34:53,253 [Worker-24: Building] INFO  o.e.m.c.i.embedder.EclipseLogger - skip non existing resourceDirectory C:\JavaLearning\JavaAdvanced\JavaAdvancedPart2\Spring\Hello-Spring\src\main\resources
2023-12-27 14:34:53,254 [Worker-24: Building] INFO  o.e.m.c.i.embedder.EclipseLogger - Using 'UTF-8' encoding to copy filtered resources.
2023-12-27 14:34:53,256 [Worker-24: Building] INFO  o.e.m.c.i.embedder.EclipseLogger - skip non existing resourceDirectory C:\JavaLearning\JavaAdvanced\JavaAdvancedPart2\Spring\Hello-Spring\src\test\resources
2023-12-27 14:35:53,084 [Worker-3: Building] INFO  o.e.m.c.i.embedder.EclipseLogger - Using 'UTF-8' encoding to copy filtered resources.
2023-12-27 14:35:53,084 [Worker-3: Building] INFO  o.e.m.c.i.embedder.EclipseLogger - skip non existing resourceDirectory C:\JavaLearning\JavaAdvanced\JavaAdvancedPart2\Spring\Hello-Spring\src\main\resources
2023-12-27 14:35:53,086 [Worker-3: Building] INFO  o.e.m.c.i.embedder.EclipseLogger - Using 'UTF-8' encoding to copy filtered resources.
2023-12-27 14:35:53,087 [Worker-3: Building] INFO  o.e.m.c.i.embedder.EclipseLogger - skip non existing resourceDirectory C:\JavaLearning\JavaAdvanced\JavaAdvancedPart2\Spring\Hello-Spring\src\test\resources
2023-12-27 14:36:26,817 [Worker-24: Building] INFO  o.e.m.c.i.embedder.EclipseLogger - Using 'UTF-8' encoding to copy filtered resources.
2023-12-27 14:36:26,817 [Worker-24: Building] INFO  o.e.m.c.i.embedder.EclipseLogger - skip non existing resourceDirectory C:\JavaLearning\JavaAdvanced\JavaAdvancedPart2\Spring\Hello-Spring\src\main\resources
2023-12-27 14:36:26,819 [Worker-24: Building] INFO  o.e.m.c.i.embedder.EclipseLogger - Using 'UTF-8' encoding to copy filtered resources.
2023-12-27 14:36:26,819 [Worker-24: Building] INFO  o.e.m.c.i.embedder.EclipseLogger - skip non existing resourceDirectory C:\JavaLearning\JavaAdvanced\JavaAdvancedPart2\Spring\Hello-Spring\src\test\resources
2023-12-27 14:37:15,914 [Worker-22: Building] INFO  o.e.m.c.i.embedder.EclipseLogger - Using 'UTF-8' encoding to copy filtered resources.
2023-12-27 14:37:15,914 [Worker-22: Building] INFO  o.e.m.c.i.embedder.EclipseLogger - skip non existing resourceDirectory C:\JavaLearning\JavaAdvanced\JavaAdvancedPart2\Spring\Hello-Spring\src\main\resources
2023-12-27 14:37:15,916 [Worker-22: Building] INFO  o.e.m.c.i.embedder.EclipseLogger - Using 'UTF-8' encoding to copy filtered resources.
2023-12-27 14:37:15,916 [Worker-22: Building] INFO  o.e.m.c.i.embedder.EclipseLogger - skip non existing resourceDirectory C:\JavaLearning\JavaAdvanced\JavaAdvancedPart2\Spring\Hello-Spring\src\test\resources
2023-12-27 14:37:26,276 [Worker-3: Building] INFO  o.e.m.c.i.embedder.EclipseLogger - Using 'UTF-8' encoding to copy filtered resources.
2023-12-27 14:37:26,277 [Worker-3: Building] INFO  o.e.m.c.i.embedder.EclipseLogger - skip non existing resourceDirectory C:\JavaLearning\JavaAdvanced\JavaAdvancedPart2\Spring\Hello-Spring\src\main\resources
2023-12-27 14:37:26,278 [Worker-3: Building] INFO  o.e.m.c.i.embedder.EclipseLogger - Using 'UTF-8' encoding to copy filtered resources.
2023-12-27 14:37:26,278 [Worker-3: Building] INFO  o.e.m.c.i.embedder.EclipseLogger - skip non existing resourceDirectory C:\JavaLearning\JavaAdvanced\JavaAdvancedPart2\Spring\Hello-Spring\src\test\resources
2023-12-27 14:38:11,278 [Worker-24: Building] INFO  o.e.m.c.i.embedder.EclipseLogger - Using 'UTF-8' encoding to copy filtered resources.
2023-12-27 14:38:11,279 [Worker-24: Building] INFO  o.e.m.c.i.embedder.EclipseLogger - skip non existing resourceDirectory C:\JavaLearning\JavaAdvanced\JavaAdvancedPart2\Spring\Hello-Spring\src\main\resources
2023-12-27 14:38:11,280 [Worker-24: Building] INFO  o.e.m.c.i.embedder.EclipseLogger - Using 'UTF-8' encoding to copy filtered resources.
2023-12-27 14:38:11,280 [Worker-24: Building] INFO  o.e.m.c.i.embedder.EclipseLogger - skip non existing resourceDirectory C:\JavaLearning\JavaAdvanced\JavaAdvancedPart2\Spring\Hello-Spring\src\test\resources
2023-12-27 14:39:08,164 [Worker-3: Building] INFO  o.e.m.c.i.embedder.EclipseLogger - Using 'UTF-8' encoding to copy filtered resources.
2023-12-27 14:39:08,164 [Worker-3: Building] INFO  o.e.m.c.i.embedder.EclipseLogger - skip non existing resourceDirectory C:\JavaLearning\JavaAdvanced\JavaAdvancedPart2\Spring\Hello-Spring\src\main\resources
2023-12-27 14:39:08,165 [Worker-3: Building] INFO  o.e.m.c.i.embedder.EclipseLogger - Using 'UTF-8' encoding to copy filtered resources.
2023-12-27 14:39:08,166 [Worker-3: Building] INFO  o.e.m.c.i.embedder.EclipseLogger - skip non existing resourceDirectory C:\JavaLearning\JavaAdvanced\JavaAdvancedPart2\Spring\Hello-Spring\src\test\resources
2023-12-27 14:39:09,660 [Worker-22: Building] INFO  o.e.m.c.i.embedder.EclipseLogger - Using 'UTF-8' encoding to copy filtered resources.
2023-12-27 14:39:09,660 [Worker-22: Building] INFO  o.e.m.c.i.embedder.EclipseLogger - skip non existing resourceDirectory C:\JavaLearning\JavaAdvanced\JavaAdvancedPart2\Spring\Hello-Spring\src\main\resources
2023-12-27 14:39:09,661 [Worker-22: Building] INFO  o.e.m.c.i.embedder.EclipseLogger - Using 'UTF-8' encoding to copy filtered resources.
2023-12-27 14:39:09,662 [Worker-22: Building] INFO  o.e.m.c.i.embedder.EclipseLogger - skip non existing resourceDirectory C:\JavaLearning\JavaAdvanced\JavaAdvancedPart2\Spring\Hello-Spring\src\test\resources
2023-12-27 14:40:03,931 [Worker-13: Building] INFO  o.e.m.c.i.embedder.EclipseLogger - Using 'UTF-8' encoding to copy filtered resources.
2023-12-27 14:40:03,931 [Worker-13: Building] INFO  o.e.m.c.i.embedder.EclipseLogger - skip non existing resourceDirectory C:\JavaLearning\JavaAdvanced\JavaAdvancedPart2\Spring\Hello-Spring\src\main\resources
2023-12-27 14:40:03,931 [Worker-13: Building] INFO  o.e.m.c.i.embedder.EclipseLogger - Using 'UTF-8' encoding to copy filtered resources.
2023-12-27 14:40:03,933 [Worker-13: Building] INFO  o.e.m.c.i.embedder.EclipseLogger - skip non existing resourceDirectory C:\JavaLearning\JavaAdvanced\JavaAdvancedPart2\Spring\Hello-Spring\src\test\resources
2023-12-27 14:40:31,014 [Worker-13: Building] INFO  o.e.m.c.i.embedder.EclipseLogger - Using 'UTF-8' encoding to copy filtered resources.
2023-12-27 14:40:31,014 [Worker-13: Building] INFO  o.e.m.c.i.embedder.EclipseLogger - skip non existing resourceDirectory C:\JavaLearning\JavaAdvanced\JavaAdvancedPart2\Spring\Hello-Spring\src\main\resources
2023-12-27 14:40:31,014 [Worker-13: Building] INFO  o.e.m.c.i.embedder.EclipseLogger - Using 'UTF-8' encoding to copy filtered resources.
2023-12-27 14:40:31,014 [Worker-13: Building] INFO  o.e.m.c.i.embedder.EclipseLogger - skip non existing resourceDirectory C:\JavaLearning\JavaAdvanced\JavaAdvancedPart2\Spring\Hello-Spring\src\test\resources
2023-12-27 14:42:10,680 [Worker-3: Building] INFO  o.e.m.c.i.embedder.EclipseLogger - Using 'UTF-8' encoding to copy filtered resources.
2023-12-27 14:42:10,680 [Worker-3: Building] INFO  o.e.m.c.i.embedder.EclipseLogger - skip non existing resourceDirectory C:\JavaLearning\JavaAdvanced\JavaAdvancedPart2\Spring\Hello-Spring\src\main\resources
2023-12-27 14:42:10,682 [Worker-3: Building] INFO  o.e.m.c.i.embedder.EclipseLogger - Using 'UTF-8' encoding to copy filtered resources.
2023-12-27 14:42:10,682 [Worker-3: Building] INFO  o.e.m.c.i.embedder.EclipseLogger - skip non existing resourceDirectory C:\JavaLearning\JavaAdvanced\JavaAdvancedPart2\Spring\Hello-Spring\src\test\resources
2023-12-27 14:42:51,990 [Worker-3: Building] INFO  o.e.m.c.i.embedder.EclipseLogger - Using 'UTF-8' encoding to copy filtered resources.
2023-12-27 14:42:51,990 [Worker-3: Building] INFO  o.e.m.c.i.embedder.EclipseLogger - skip non existing resourceDirectory C:\JavaLearning\JavaAdvanced\JavaAdvancedPart2\Spring\Hello-Spring\src\main\resources
2023-12-27 14:42:51,992 [Worker-3: Building] INFO  o.e.m.c.i.embedder.EclipseLogger - Using 'UTF-8' encoding to copy filtered resources.
2023-12-27 14:42:51,992 [Worker-3: Building] INFO  o.e.m.c.i.embedder.EclipseLogger - skip non existing resourceDirectory C:\JavaLearning\JavaAdvanced\JavaAdvancedPart2\Spring\Hello-Spring\src\test\resources
2023-12-27 14:43:28,592 [Worker-3: Building] INFO  o.e.m.c.i.embedder.EclipseLogger - Using 'UTF-8' encoding to copy filtered resources.
2023-12-27 14:43:28,592 [Worker-3: Building] INFO  o.e.m.c.i.embedder.EclipseLogger - skip non existing resourceDirectory C:\JavaLearning\JavaAdvanced\JavaAdvancedPart2\Spring\Hello-Spring\src\main\resources
2023-12-27 14:43:28,593 [Worker-3: Building] INFO  o.e.m.c.i.embedder.EclipseLogger - Using 'UTF-8' encoding to copy filtered resources.
2023-12-27 14:43:28,594 [Worker-3: Building] INFO  o.e.m.c.i.embedder.EclipseLogger - skip non existing resourceDirectory C:\JavaLearning\JavaAdvanced\JavaAdvancedPart2\Spring\Hello-Spring\src\test\resources
2023-12-27 14:43:54,920 [Worker-13: Building] INFO  o.e.m.c.i.embedder.EclipseLogger - Using 'UTF-8' encoding to copy filtered resources.
2023-12-27 14:43:54,921 [Worker-13: Building] INFO  o.e.m.c.i.embedder.EclipseLogger - skip non existing resourceDirectory C:\JavaLearning\JavaAdvanced\JavaAdvancedPart2\Spring\Hello-Spring\src\main\resources
2023-12-27 14:43:54,922 [Worker-13: Building] INFO  o.e.m.c.i.embedder.EclipseLogger - Using 'UTF-8' encoding to copy filtered resources.
2023-12-27 14:43:54,922 [Worker-13: Building] INFO  o.e.m.c.i.embedder.EclipseLogger - skip non existing resourceDirectory C:\JavaLearning\JavaAdvanced\JavaAdvancedPart2\Spring\Hello-Spring\src\test\resources
2023-12-27 14:44:04,082 [Worker-25: Building] INFO  o.e.m.c.i.embedder.EclipseLogger - Using 'UTF-8' encoding to copy filtered resources.
2023-12-27 14:44:04,083 [Worker-25: Building] INFO  o.e.m.c.i.embedder.EclipseLogger - skip non existing resourceDirectory C:\JavaLearning\JavaAdvanced\JavaAdvancedPart2\Spring\Hello-Spring\src\main\resources
2023-12-27 14:44:04,083 [Worker-25: Building] INFO  o.e.m.c.i.embedder.EclipseLogger - Using 'UTF-8' encoding to copy filtered resources.
2023-12-27 14:44:04,083 [Worker-25: Building] INFO  o.e.m.c.i.embedder.EclipseLogger - skip non existing resourceDirectory C:\JavaLearning\JavaAdvanced\JavaAdvancedPart2\Spring\Hello-Spring\src\test\resources
2023-12-27 14:44:18,611 [Worker-26: Building] INFO  o.e.m.c.i.embedder.EclipseLogger - Using 'UTF-8' encoding to copy filtered resources.
2023-12-27 14:44:18,611 [Worker-26: Building] INFO  o.e.m.c.i.embedder.EclipseLogger - skip non existing resourceDirectory C:\JavaLearning\JavaAdvanced\JavaAdvancedPart2\Spring\Hello-Spring\src\main\resources
2023-12-27 14:44:18,613 [Worker-26: Building] INFO  o.e.m.c.i.embedder.EclipseLogger - Using 'UTF-8' encoding to copy filtered resources.
2023-12-27 14:44:18,613 [Worker-26: Building] INFO  o.e.m.c.i.embedder.EclipseLogger - skip non existing resourceDirectory C:\JavaLearning\JavaAdvanced\JavaAdvancedPart2\Spring\Hello-Spring\src\test\resources
2023-12-27 14:45:41,648 [Worker-13: Building] INFO  o.e.m.c.i.embedder.EclipseLogger - Using 'UTF-8' encoding to copy filtered resources.
2023-12-27 14:45:41,648 [Worker-13: Building] INFO  o.e.m.c.i.embedder.EclipseLogger - skip non existing resourceDirectory C:\JavaLearning\JavaAdvanced\JavaAdvancedPart2\Spring\Hello-Spring\src\main\resources
2023-12-27 14:45:41,648 [Worker-13: Building] INFO  o.e.m.c.i.embedder.EclipseLogger - Using 'UTF-8' encoding to copy filtered resources.
2023-12-27 14:45:41,648 [Worker-13: Building] INFO  o.e.m.c.i.embedder.EclipseLogger - skip non existing resourceDirectory C:\JavaLearning\JavaAdvanced\JavaAdvancedPart2\Spring\Hello-Spring\src\test\resources
2023-12-27 14:46:46,225 [Worker-25: Building] INFO  o.e.m.c.i.embedder.EclipseLogger - Using 'UTF-8' encoding to copy filtered resources.
2023-12-27 14:46:46,225 [Worker-25: Building] INFO  o.e.m.c.i.embedder.EclipseLogger - skip non existing resourceDirectory C:\JavaLearning\JavaAdvanced\JavaAdvancedPart2\Spring\Hello-Spring\src\main\resources
2023-12-27 14:46:46,226 [Worker-25: Building] INFO  o.e.m.c.i.embedder.EclipseLogger - Using 'UTF-8' encoding to copy filtered resources.
2023-12-27 14:46:46,227 [Worker-25: Building] INFO  o.e.m.c.i.embedder.EclipseLogger - skip non existing resourceDirectory C:\JavaLearning\JavaAdvanced\JavaAdvancedPart2\Spring\Hello-Spring\src\test\resources
2023-12-27 14:47:06,370 [Worker-13: Building] INFO  o.e.m.c.i.embedder.EclipseLogger - Using 'UTF-8' encoding to copy filtered resources.
2023-12-27 14:47:06,371 [Worker-13: Building] INFO  o.e.m.c.i.embedder.EclipseLogger - skip non existing resourceDirectory C:\JavaLearning\JavaAdvanced\JavaAdvancedPart2\Spring\Hello-Spring\src\main\resources
2023-12-27 14:47:06,372 [Worker-13: Building] INFO  o.e.m.c.i.embedder.EclipseLogger - Using 'UTF-8' encoding to copy filtered resources.
2023-12-27 14:47:06,373 [Worker-13: Building] INFO  o.e.m.c.i.embedder.EclipseLogger - skip non existing resourceDirectory C:\JavaLearning\JavaAdvanced\JavaAdvancedPart2\Spring\Hello-Spring\src\test\resources
2023-12-27 14:47:29,064 [Worker-27: Building] INFO  o.e.m.c.i.embedder.EclipseLogger - Using 'UTF-8' encoding to copy filtered resources.
2023-12-27 14:47:29,065 [Worker-27: Building] INFO  o.e.m.c.i.embedder.EclipseLogger - skip non existing resourceDirectory C:\JavaLearning\JavaAdvanced\JavaAdvancedPart2\Spring\Hello-Spring\src\main\resources
2023-12-27 14:47:29,068 [Worker-27: Building] INFO  o.e.m.c.i.embedder.EclipseLogger - Using 'UTF-8' encoding to copy filtered resources.
2023-12-27 14:47:29,069 [Worker-27: Building] INFO  o.e.m.c.i.embedder.EclipseLogger - skip non existing resourceDirectory C:\JavaLearning\JavaAdvanced\JavaAdvancedPart2\Spring\Hello-Spring\src\test\resources
2023-12-27 14:47:38,264 [Worker-27: Building] INFO  o.e.m.c.i.embedder.EclipseLogger - Using 'UTF-8' encoding to copy filtered resources.
2023-12-27 14:47:38,265 [Worker-27: Building] INFO  o.e.m.c.i.embedder.EclipseLogger - skip non existing resourceDirectory C:\JavaLearning\JavaAdvanced\JavaAdvancedPart2\Spring\Hello-Spring\src\main\resources
2023-12-27 14:47:38,285 [Worker-27: Building] INFO  o.e.m.c.i.embedder.EclipseLogger - Using 'UTF-8' encoding to copy filtered resources.
2023-12-27 14:47:38,285 [Worker-27: Building] INFO  o.e.m.c.i.embedder.EclipseLogger - skip non existing resourceDirectory C:\JavaLearning\JavaAdvanced\JavaAdvancedPart2\Spring\Hello-Spring\src\test\resources
2023-12-27 14:48:26,586 [Worker-25: Building] INFO  o.e.m.c.i.embedder.EclipseLogger - Using 'UTF-8' encoding to copy filtered resources.
2023-12-27 14:48:26,586 [Worker-25: Building] INFO  o.e.m.c.i.embedder.EclipseLogger - skip non existing resourceDirectory C:\JavaLearning\JavaAdvanced\JavaAdvancedPart2\Spring\Hello-Spring\src\main\resources
2023-12-27 14:48:26,587 [Worker-25: Building] INFO  o.e.m.c.i.embedder.EclipseLogger - Using 'UTF-8' encoding to copy filtered resources.
2023-12-27 14:48:26,589 [Worker-25: Building] INFO  o.e.m.c.i.embedder.EclipseLogger - skip non existing resourceDirectory C:\JavaLearning\JavaAdvanced\JavaAdvancedPart2\Spring\Hello-Spring\src\test\resources
2023-12-27 14:48:34,433 [Worker-25: Building] INFO  o.e.m.c.i.embedder.EclipseLogger - Using 'UTF-8' encoding to copy filtered resources.
2023-12-27 14:48:34,434 [Worker-25: Building] INFO  o.e.m.c.i.embedder.EclipseLogger - skip non existing resourceDirectory C:\JavaLearning\JavaAdvanced\JavaAdvancedPart2\Spring\Hello-Spring\src\main\resources
2023-12-27 14:48:34,435 [Worker-25: Building] INFO  o.e.m.c.i.embedder.EclipseLogger - Using 'UTF-8' encoding to copy filtered resources.
2023-12-27 14:48:34,435 [Worker-25: Building] INFO  o.e.m.c.i.embedder.EclipseLogger - skip non existing resourceDirectory C:\JavaLearning\JavaAdvanced\JavaAdvancedPart2\Spring\Hello-Spring\src\test\resources
2023-12-27 14:50:38,728 [Worker-26: Building] INFO  o.e.m.c.i.embedder.EclipseLogger - Using 'UTF-8' encoding to copy filtered resources.
2023-12-27 14:50:38,728 [Worker-26: Building] INFO  o.e.m.c.i.embedder.EclipseLogger - skip non existing resourceDirectory C:\JavaLearning\JavaAdvanced\JavaAdvancedPart2\Spring\Hello-Spring\src\main\resources
2023-12-27 14:50:38,729 [Worker-26: Building] INFO  o.e.m.c.i.embedder.EclipseLogger - Using 'UTF-8' encoding to copy filtered resources.
2023-12-27 14:50:38,729 [Worker-26: Building] INFO  o.e.m.c.i.embedder.EclipseLogger - skip non existing resourceDirectory C:\JavaLearning\JavaAdvanced\JavaAdvancedPart2\Spring\Hello-Spring\src\test\resources
2023-12-27 14:51:31,160 [Worker-25: Building] INFO  o.e.m.c.i.embedder.EclipseLogger - Using 'UTF-8' encoding to copy filtered resources.
2023-12-27 14:51:31,160 [Worker-25: Building] INFO  o.e.m.c.i.embedder.EclipseLogger - skip non existing resourceDirectory C:\JavaLearning\JavaAdvanced\JavaAdvancedPart2\Spring\Hello-Spring\src\main\resources
2023-12-27 14:51:31,162 [Worker-25: Building] INFO  o.e.m.c.i.embedder.EclipseLogger - Using 'UTF-8' encoding to copy filtered resources.
2023-12-27 14:51:31,162 [Worker-25: Building] INFO  o.e.m.c.i.embedder.EclipseLogger - skip non existing resourceDirectory C:\JavaLearning\JavaAdvanced\JavaAdvancedPart2\Spring\Hello-Spring\src\test\resources
2023-12-27 14:51:54,093 [Worker-27: Building] INFO  o.e.m.c.i.embedder.EclipseLogger - Using 'UTF-8' encoding to copy filtered resources.
2023-12-27 14:51:54,094 [Worker-27: Building] INFO  o.e.m.c.i.embedder.EclipseLogger - skip non existing resourceDirectory C:\JavaLearning\JavaAdvanced\JavaAdvancedPart2\Spring\Hello-Spring\src\main\resources
2023-12-27 14:51:54,096 [Worker-27: Building] INFO  o.e.m.c.i.embedder.EclipseLogger - Using 'UTF-8' encoding to copy filtered resources.
2023-12-27 14:51:54,096 [Worker-27: Building] INFO  o.e.m.c.i.embedder.EclipseLogger - skip non existing resourceDirectory C:\JavaLearning\JavaAdvanced\JavaAdvancedPart2\Spring\Hello-Spring\src\test\resources
2023-12-27 14:52:36,695 [Worker-27: Building] INFO  o.e.m.c.i.embedder.EclipseLogger - Using 'UTF-8' encoding to copy filtered resources.
2023-12-27 14:52:36,695 [Worker-27: Building] INFO  o.e.m.c.i.embedder.EclipseLogger - skip non existing resourceDirectory C:\JavaLearning\JavaAdvanced\JavaAdvancedPart2\Spring\Hello-Spring\src\main\resources
2023-12-27 14:52:36,710 [Worker-27: Building] INFO  o.e.m.c.i.embedder.EclipseLogger - Using 'UTF-8' encoding to copy filtered resources.
2023-12-27 14:52:36,711 [Worker-27: Building] INFO  o.e.m.c.i.embedder.EclipseLogger - skip non existing resourceDirectory C:\JavaLearning\JavaAdvanced\JavaAdvancedPart2\Spring\Hello-Spring\src\test\resources
2023-12-27 14:53:37,496 [Worker-25: Building] INFO  o.e.m.c.i.embedder.EclipseLogger - Using 'UTF-8' encoding to copy filtered resources.
2023-12-27 14:53:37,497 [Worker-25: Building] INFO  o.e.m.c.i.embedder.EclipseLogger - skip non existing resourceDirectory C:\JavaLearning\JavaAdvanced\JavaAdvancedPart2\Spring\Hello-Spring\src\main\resources
2023-12-27 14:53:37,498 [Worker-25: Building] INFO  o.e.m.c.i.embedder.EclipseLogger - Using 'UTF-8' encoding to copy filtered resources.
2023-12-27 14:53:37,498 [Worker-25: Building] INFO  o.e.m.c.i.embedder.EclipseLogger - skip non existing resourceDirectory C:\JavaLearning\JavaAdvanced\JavaAdvancedPart2\Spring\Hello-Spring\src\test\resources
2023-12-27 14:53:46,674 [Worker-27: Building] INFO  o.e.m.c.i.embedder.EclipseLogger - Using 'UTF-8' encoding to copy filtered resources.
2023-12-27 14:53:46,675 [Worker-27: Building] INFO  o.e.m.c.i.embedder.EclipseLogger - skip non existing resourceDirectory C:\JavaLearning\JavaAdvanced\JavaAdvancedPart2\Spring\Hello-Spring\src\main\resources
2023-12-27 14:53:46,676 [Worker-27: Building] INFO  o.e.m.c.i.embedder.EclipseLogger - Using 'UTF-8' encoding to copy filtered resources.
2023-12-27 14:53:46,676 [Worker-27: Building] INFO  o.e.m.c.i.embedder.EclipseLogger - skip non existing resourceDirectory C:\JavaLearning\JavaAdvanced\JavaAdvancedPart2\Spring\Hello-Spring\src\test\resources
2023-12-27 14:55:04,229 [Worker-25: Building] INFO  o.e.m.c.i.embedder.EclipseLogger - Using 'UTF-8' encoding to copy filtered resources.
2023-12-27 14:55:04,229 [Worker-25: Building] INFO  o.e.m.c.i.embedder.EclipseLogger - skip non existing resourceDirectory C:\JavaLearning\JavaAdvanced\JavaAdvancedPart2\Spring\Hello-Spring\src\main\resources
2023-12-27 14:55:04,229 [Worker-25: Building] INFO  o.e.m.c.i.embedder.EclipseLogger - Using 'UTF-8' encoding to copy filtered resources.
2023-12-27 14:55:04,229 [Worker-25: Building] INFO  o.e.m.c.i.embedder.EclipseLogger - skip non existing resourceDirectory C:\JavaLearning\JavaAdvanced\JavaAdvancedPart2\Spring\Hello-Spring\src\test\resources
2023-12-27 14:55:29,051 [Worker-13: Building] INFO  o.e.m.c.i.embedder.EclipseLogger - Using 'UTF-8' encoding to copy filtered resources.
2023-12-27 14:55:29,052 [Worker-13: Building] INFO  o.e.m.c.i.embedder.EclipseLogger - skip non existing resourceDirectory C:\JavaLearning\JavaAdvanced\JavaAdvancedPart2\Spring\Hello-Spring\src\main\resources
2023-12-27 14:55:29,053 [Worker-13: Building] INFO  o.e.m.c.i.embedder.EclipseLogger - Using 'UTF-8' encoding to copy filtered resources.
2023-12-27 14:55:29,053 [Worker-13: Building] INFO  o.e.m.c.i.embedder.EclipseLogger - skip non existing resourceDirectory C:\JavaLearning\JavaAdvanced\JavaAdvancedPart2\Spring\Hello-Spring\src\test\resources
2023-12-27 14:55:32,725 [Worker-25: Building] INFO  o.e.m.c.i.embedder.EclipseLogger - Using 'UTF-8' encoding to copy filtered resources.
2023-12-27 14:55:32,725 [Worker-25: Building] INFO  o.e.m.c.i.embedder.EclipseLogger - skip non existing resourceDirectory C:\JavaLearning\JavaAdvanced\JavaAdvancedPart2\Spring\Hello-Spring\src\main\resources
2023-12-27 14:55:32,725 [Worker-25: Building] INFO  o.e.m.c.i.embedder.EclipseLogger - Using 'UTF-8' encoding to copy filtered resources.
2023-12-27 14:55:32,725 [Worker-25: Building] INFO  o.e.m.c.i.embedder.EclipseLogger - skip non existing resourceDirectory C:\JavaLearning\JavaAdvanced\JavaAdvancedPart2\Spring\Hello-Spring\src\test\resources
2023-12-27 14:55:58,812 [Worker-25: Building] INFO  o.e.m.c.i.embedder.EclipseLogger - Using 'UTF-8' encoding to copy filtered resources.
2023-12-27 14:55:58,813 [Worker-25: Building] INFO  o.e.m.c.i.embedder.EclipseLogger - skip non existing resourceDirectory C:\JavaLearning\JavaAdvanced\JavaAdvancedPart2\Spring\Hello-Spring\src\main\resources
2023-12-27 14:55:58,816 [Worker-25: Building] INFO  o.e.m.c.i.embedder.EclipseLogger - Using 'UTF-8' encoding to copy filtered resources.
2023-12-27 14:55:58,816 [Worker-25: Building] INFO  o.e.m.c.i.embedder.EclipseLogger - skip non existing resourceDirectory C:\JavaLearning\JavaAdvanced\JavaAdvancedPart2\Spring\Hello-Spring\src\test\resources
2023-12-27 16:22:27,575 [Worker-0: Loading available Gradle versions] INFO  o.e.b.c.i.u.g.PublishedGradleVersions - Gradle version information cache is up-to-date. Trying to read.
2023-12-27 16:37:05,415 [Worker-8: Building] INFO  o.e.m.c.i.embedder.EclipseLogger - Using 'UTF-8' encoding to copy filtered resources.
2023-12-27 16:37:05,416 [Worker-8: Building] INFO  o.e.m.c.i.embedder.EclipseLogger - skip non existing resourceDirectory C:\JavaLearning\JavaAdvanced\JavaAdvancedPart2\Spring\Hello-Spring\src\main\resources
2023-12-27 16:37:05,420 [Worker-8: Building] INFO  o.e.m.c.i.embedder.EclipseLogger - Using 'UTF-8' encoding to copy filtered resources.
2023-12-27 16:37:05,420 [Worker-8: Building] INFO  o.e.m.c.i.embedder.EclipseLogger - skip non existing resourceDirectory C:\JavaLearning\JavaAdvanced\JavaAdvancedPart2\Spring\Hello-Spring\src\test\resources
2023-12-27 16:37:23,331 [Worker-13: Building] INFO  o.e.m.c.i.embedder.EclipseLogger - Using 'UTF-8' encoding to copy filtered resources.
2023-12-27 16:37:23,331 [Worker-13: Building] INFO  o.e.m.c.i.embedder.EclipseLogger - skip non existing resourceDirectory C:\JavaLearning\JavaAdvanced\JavaAdvancedPart2\Spring\Hello-Spring\src\main\resources
2023-12-27 16:37:23,335 [Worker-13: Building] INFO  o.e.m.c.i.embedder.EclipseLogger - Using 'UTF-8' encoding to copy filtered resources.
2023-12-27 16:37:23,335 [Worker-13: Building] INFO  o.e.m.c.i.embedder.EclipseLogger - skip non existing resourceDirectory C:\JavaLearning\JavaAdvanced\JavaAdvancedPart2\Spring\Hello-Spring\src\test\resources
2023-12-27 16:37:32,199 [Worker-4: Building] INFO  o.e.m.c.i.embedder.EclipseLogger - Using 'UTF-8' encoding to copy filtered resources.
2023-12-27 16:37:32,199 [Worker-4: Building] INFO  o.e.m.c.i.embedder.EclipseLogger - skip non existing resourceDirectory C:\JavaLearning\JavaAdvanced\JavaAdvancedPart2\Spring\Hello-Spring\src\main\resources
2023-12-27 16:37:32,202 [Worker-4: Building] INFO  o.e.m.c.i.embedder.EclipseLogger - Using 'UTF-8' encoding to copy filtered resources.
2023-12-27 16:37:32,202 [Worker-4: Building] INFO  o.e.m.c.i.embedder.EclipseLogger - skip non existing resourceDirectory C:\JavaLearning\JavaAdvanced\JavaAdvancedPart2\Spring\Hello-Spring\src\test\resources
2023-12-27 16:38:32,706 [Worker-10: Building] INFO  o.e.m.c.i.embedder.EclipseLogger - Using 'UTF-8' encoding to copy filtered resources.
2023-12-27 16:38:32,706 [Worker-10: Building] INFO  o.e.m.c.i.embedder.EclipseLogger - skip non existing resourceDirectory C:\JavaLearning\JavaAdvanced\JavaAdvancedPart2\Spring\Hello-Spring\src\main\resources
2023-12-27 16:38:32,706 [Worker-10: Building] INFO  o.e.m.c.i.embedder.EclipseLogger - Using 'UTF-8' encoding to copy filtered resources.
2023-12-27 16:38:32,706 [Worker-10: Building] INFO  o.e.m.c.i.embedder.EclipseLogger - skip non existing resourceDirectory C:\JavaLearning\JavaAdvanced\JavaAdvancedPart2\Spring\Hello-Spring\src\test\resources
2023-12-27 16:38:40,981 [Worker-11: Building] INFO  o.e.m.c.i.embedder.EclipseLogger - Using 'UTF-8' encoding to copy filtered resources.
2023-12-27 16:38:40,981 [Worker-11: Building] INFO  o.e.m.c.i.embedder.EclipseLogger - skip non existing resourceDirectory C:\JavaLearning\JavaAdvanced\JavaAdvancedPart2\Spring\Hello-Spring\src\main\resources
2023-12-27 16:38:40,983 [Worker-11: Building] INFO  o.e.m.c.i.embedder.EclipseLogger - Using 'UTF-8' encoding to copy filtered resources.
2023-12-27 16:38:40,984 [Worker-11: Building] INFO  o.e.m.c.i.embedder.EclipseLogger - skip non existing resourceDirectory C:\JavaLearning\JavaAdvanced\JavaAdvancedPart2\Spring\Hello-Spring\src\test\resources
2023-12-27 16:38:59,487 [Worker-7: Building] INFO  o.e.m.c.i.embedder.EclipseLogger - Using 'UTF-8' encoding to copy filtered resources.
2023-12-27 16:38:59,488 [Worker-7: Building] INFO  o.e.m.c.i.embedder.EclipseLogger - skip non existing resourceDirectory C:\JavaLearning\JavaAdvanced\JavaAdvancedPart2\Spring\Hello-Spring\src\main\resources
2023-12-27 16:38:59,490 [Worker-7: Building] INFO  o.e.m.c.i.embedder.EclipseLogger - Using 'UTF-8' encoding to copy filtered resources.
2023-12-27 16:38:59,490 [Worker-7: Building] INFO  o.e.m.c.i.embedder.EclipseLogger - skip non existing resourceDirectory C:\JavaLearning\JavaAdvanced\JavaAdvancedPart2\Spring\Hello-Spring\src\test\resources
2023-12-27 16:42:09,687 [Worker-7: Building] INFO  o.e.m.c.i.embedder.EclipseLogger - Using 'UTF-8' encoding to copy filtered resources.
2023-12-27 16:42:09,687 [Worker-7: Building] INFO  o.e.m.c.i.embedder.EclipseLogger - skip non existing resourceDirectory C:\JavaLearning\JavaAdvanced\JavaAdvancedPart2\Spring\Hello-Spring\src\main\resources
2023-12-27 16:42:09,690 [Worker-7: Building] INFO  o.e.m.c.i.embedder.EclipseLogger - Using 'UTF-8' encoding to copy filtered resources.
2023-12-27 16:42:09,690 [Worker-7: Building] INFO  o.e.m.c.i.embedder.EclipseLogger - skip non existing resourceDirectory C:\JavaLearning\JavaAdvanced\JavaAdvancedPart2\Spring\Hello-Spring\src\test\resources
2023-12-27 16:47:34,810 [Worker-21: Building] INFO  o.e.m.c.i.embedder.EclipseLogger - Using 'UTF-8' encoding to copy filtered resources.
2023-12-27 16:47:34,810 [Worker-21: Building] INFO  o.e.m.c.i.embedder.EclipseLogger - skip non existing resourceDirectory C:\JavaLearning\JavaAdvanced\JavaAdvancedPart2\Spring\Hello-Spring\src\main\resources
2023-12-27 16:47:34,812 [Worker-21: Building] INFO  o.e.m.c.i.embedder.EclipseLogger - Using 'UTF-8' encoding to copy filtered resources.
2023-12-27 16:47:34,813 [Worker-21: Building] INFO  o.e.m.c.i.embedder.EclipseLogger - skip non existing resourceDirectory C:\JavaLearning\JavaAdvanced\JavaAdvancedPart2\Spring\Hello-Spring\src\test\resources
2023-12-27 16:49:27,735 [Worker-25: Building] INFO  o.e.m.c.i.embedder.EclipseLogger - Using 'UTF-8' encoding to copy filtered resources.
2023-12-27 16:49:27,735 [Worker-25: Building] INFO  o.e.m.c.i.embedder.EclipseLogger - skip non existing resourceDirectory C:\JavaLearning\JavaAdvanced\JavaAdvancedPart2\Spring\Hello-Spring\src\main\resources
2023-12-27 16:49:27,736 [Worker-25: Building] INFO  o.e.m.c.i.embedder.EclipseLogger - Using 'UTF-8' encoding to copy filtered resources.
2023-12-27 16:49:27,736 [Worker-25: Building] INFO  o.e.m.c.i.embedder.EclipseLogger - skip non existing resourceDirectory C:\JavaLearning\JavaAdvanced\JavaAdvancedPart2\Spring\Hello-Spring\src\test\resources
2023-12-27 16:52:45,375 [Worker-22: Building] INFO  o.e.m.c.i.embedder.EclipseLogger - Using 'UTF-8' encoding to copy filtered resources.
2023-12-27 16:52:45,375 [Worker-22: Building] INFO  o.e.m.c.i.embedder.EclipseLogger - skip non existing resourceDirectory C:\JavaLearning\JavaAdvanced\JavaAdvancedPart2\Spring\Hello-Spring\src\main\resources
2023-12-27 16:52:45,375 [Worker-22: Building] INFO  o.e.m.c.i.embedder.EclipseLogger - Using 'UTF-8' encoding to copy filtered resources.
2023-12-27 16:52:45,375 [Worker-22: Building] INFO  o.e.m.c.i.embedder.EclipseLogger - skip non existing resourceDirectory C:\JavaLearning\JavaAdvanced\JavaAdvancedPart2\Spring\Hello-Spring\src\test\resources
2023-12-27 16:53:43,130 [Worker-24: Building] INFO  o.e.m.c.i.embedder.EclipseLogger - Using 'UTF-8' encoding to copy filtered resources.
2023-12-27 16:53:43,130 [Worker-24: Building] INFO  o.e.m.c.i.embedder.EclipseLogger - skip non existing resourceDirectory C:\JavaLearning\JavaAdvanced\JavaAdvancedPart2\Spring\Hello-Spring\src\main\resources
2023-12-27 16:53:43,130 [Worker-24: Building] INFO  o.e.m.c.i.embedder.EclipseLogger - Using 'UTF-8' encoding to copy filtered resources.
2023-12-27 16:53:43,130 [Worker-24: Building] INFO  o.e.m.c.i.embedder.EclipseLogger - skip non existing resourceDirectory C:\JavaLearning\JavaAdvanced\JavaAdvancedPart2\Spring\Hello-Spring\src\test\resources
2023-12-27 16:57:19,960 [Worker-30: Building] INFO  o.e.m.c.i.embedder.EclipseLogger - Using 'UTF-8' encoding to copy filtered resources.
2023-12-27 16:57:19,961 [Worker-30: Building] INFO  o.e.m.c.i.embedder.EclipseLogger - skip non existing resourceDirectory C:\JavaLearning\JavaAdvanced\JavaAdvancedPart2\Spring\Hello-Spring\src\main\resources
2023-12-27 16:57:19,962 [Worker-30: Building] INFO  o.e.m.c.i.embedder.EclipseLogger - Using 'UTF-8' encoding to copy filtered resources.
2023-12-27 16:57:19,962 [Worker-30: Building] INFO  o.e.m.c.i.embedder.EclipseLogger - skip non existing resourceDirectory C:\JavaLearning\JavaAdvanced\JavaAdvancedPart2\Spring\Hello-Spring\src\test\resources
2023-12-27 16:57:54,414 [Worker-29: Building] INFO  o.e.m.c.i.embedder.EclipseLogger - Using 'UTF-8' encoding to copy filtered resources.
2023-12-27 16:57:54,415 [Worker-29: Building] INFO  o.e.m.c.i.embedder.EclipseLogger - skip non existing resourceDirectory C:\JavaLearning\JavaAdvanced\JavaAdvancedPart2\Spring\Hello-Spring\src\main\resources
2023-12-27 16:57:54,416 [Worker-29: Building] INFO  o.e.m.c.i.embedder.EclipseLogger - Using 'UTF-8' encoding to copy filtered resources.
2023-12-27 16:57:54,416 [Worker-29: Building] INFO  o.e.m.c.i.embedder.EclipseLogger - skip non existing resourceDirectory C:\JavaLearning\JavaAdvanced\JavaAdvancedPart2\Spring\Hello-Spring\src\test\resources
2023-12-27 16:58:36,057 [Worker-29: Building] INFO  o.e.m.c.i.embedder.EclipseLogger - Using 'UTF-8' encoding to copy filtered resources.
2023-12-27 16:58:36,057 [Worker-29: Building] INFO  o.e.m.c.i.embedder.EclipseLogger - skip non existing resourceDirectory C:\JavaLearning\JavaAdvanced\JavaAdvancedPart2\Spring\Hello-Spring\src\main\resources
2023-12-27 16:58:36,058 [Worker-29: Building] INFO  o.e.m.c.i.embedder.EclipseLogger - Using 'UTF-8' encoding to copy filtered resources.
2023-12-27 16:58:36,059 [Worker-29: Building] INFO  o.e.m.c.i.embedder.EclipseLogger - skip non existing resourceDirectory C:\JavaLearning\JavaAdvanced\JavaAdvancedPart2\Spring\Hello-Spring\src\test\resources
2023-12-27 16:59:05,968 [Worker-29: Building] INFO  o.e.m.c.i.embedder.EclipseLogger - Using 'UTF-8' encoding to copy filtered resources.
2023-12-27 16:59:05,968 [Worker-29: Building] INFO  o.e.m.c.i.embedder.EclipseLogger - skip non existing resourceDirectory C:\JavaLearning\JavaAdvanced\JavaAdvancedPart2\Spring\Hello-Spring\src\main\resources
2023-12-27 16:59:05,968 [Worker-29: Building] INFO  o.e.m.c.i.embedder.EclipseLogger - Using 'UTF-8' encoding to copy filtered resources.
2023-12-27 16:59:05,971 [Worker-29: Building] INFO  o.e.m.c.i.embedder.EclipseLogger - skip non existing resourceDirectory C:\JavaLearning\JavaAdvanced\JavaAdvancedPart2\Spring\Hello-Spring\src\test\resources
2023-12-27 17:00:12,212 [Worker-29: Building] INFO  o.e.m.c.i.embedder.EclipseLogger - Using 'UTF-8' encoding to copy filtered resources.
2023-12-27 17:00:12,212 [Worker-29: Building] INFO  o.e.m.c.i.embedder.EclipseLogger - skip non existing resourceDirectory C:\JavaLearning\JavaAdvanced\JavaAdvancedPart2\Spring\Hello-Spring\src\main\resources
2023-12-27 17:00:12,212 [Worker-29: Building] INFO  o.e.m.c.i.embedder.EclipseLogger - Using 'UTF-8' encoding to copy filtered resources.
2023-12-27 17:00:12,212 [Worker-29: Building] INFO  o.e.m.c.i.embedder.EclipseLogger - skip non existing resourceDirectory C:\JavaLearning\JavaAdvanced\JavaAdvancedPart2\Spring\Hello-Spring\src\test\resources
2023-12-27 17:00:25,779 [Worker-24: Building] INFO  o.e.m.c.i.embedder.EclipseLogger - Using 'UTF-8' encoding to copy filtered resources.
2023-12-27 17:00:25,779 [Worker-24: Building] INFO  o.e.m.c.i.embedder.EclipseLogger - skip non existing resourceDirectory C:\JavaLearning\JavaAdvanced\JavaAdvancedPart2\Spring\Hello-Spring\src\main\resources
2023-12-27 17:00:25,781 [Worker-24: Building] INFO  o.e.m.c.i.embedder.EclipseLogger - Using 'UTF-8' encoding to copy filtered resources.
2023-12-27 17:00:25,781 [Worker-24: Building] INFO  o.e.m.c.i.embedder.EclipseLogger - skip non existing resourceDirectory C:\JavaLearning\JavaAdvanced\JavaAdvancedPart2\Spring\Hello-Spring\src\test\resources
2023-12-27 17:01:14,258 [Worker-32: Building] INFO  o.e.m.c.i.embedder.EclipseLogger - Using 'UTF-8' encoding to copy filtered resources.
2023-12-27 17:01:14,258 [Worker-32: Building] INFO  o.e.m.c.i.embedder.EclipseLogger - skip non existing resourceDirectory C:\JavaLearning\JavaAdvanced\JavaAdvancedPart2\Spring\Hello-Spring\src\main\resources
2023-12-27 17:01:14,260 [Worker-32: Building] INFO  o.e.m.c.i.embedder.EclipseLogger - Using 'UTF-8' encoding to copy filtered resources.
2023-12-27 17:01:14,260 [Worker-32: Building] INFO  o.e.m.c.i.embedder.EclipseLogger - skip non existing resourceDirectory C:\JavaLearning\JavaAdvanced\JavaAdvancedPart2\Spring\Hello-Spring\src\test\resources
2023-12-27 17:01:46,894 [Worker-24: Building] INFO  o.e.m.c.i.embedder.EclipseLogger - Using 'UTF-8' encoding to copy filtered resources.
2023-12-27 17:01:46,895 [Worker-24: Building] INFO  o.e.m.c.i.embedder.EclipseLogger - skip non existing resourceDirectory C:\JavaLearning\JavaAdvanced\JavaAdvancedPart2\Spring\Hello-Spring\src\main\resources
2023-12-27 17:01:46,896 [Worker-24: Building] INFO  o.e.m.c.i.embedder.EclipseLogger - Using 'UTF-8' encoding to copy filtered resources.
2023-12-27 17:01:46,896 [Worker-24: Building] INFO  o.e.m.c.i.embedder.EclipseLogger - skip non existing resourceDirectory C:\JavaLearning\JavaAdvanced\JavaAdvancedPart2\Spring\Hello-Spring\src\test\resources
2023-12-27 17:02:25,857 [Worker-30: Building] INFO  o.e.m.c.i.embedder.EclipseLogger - Using 'UTF-8' encoding to copy filtered resources.
2023-12-27 17:02:25,858 [Worker-30: Building] INFO  o.e.m.c.i.embedder.EclipseLogger - skip non existing resourceDirectory C:\JavaLearning\JavaAdvanced\JavaAdvancedPart2\Spring\Hello-Spring\src\main\resources
2023-12-27 17:02:25,859 [Worker-30: Building] INFO  o.e.m.c.i.embedder.EclipseLogger - Using 'UTF-8' encoding to copy filtered resources.
2023-12-27 17:02:25,859 [Worker-30: Building] INFO  o.e.m.c.i.embedder.EclipseLogger - skip non existing resourceDirectory C:\JavaLearning\JavaAdvanced\JavaAdvancedPart2\Spring\Hello-Spring\src\test\resources
2023-12-27 17:02:56,414 [Worker-29: Building] INFO  o.e.m.c.i.embedder.EclipseLogger - Using 'UTF-8' encoding to copy filtered resources.
2023-12-27 17:02:56,414 [Worker-29: Building] INFO  o.e.m.c.i.embedder.EclipseLogger - skip non existing resourceDirectory C:\JavaLearning\JavaAdvanced\JavaAdvancedPart2\Spring\Hello-Spring\src\main\resources
2023-12-27 17:02:56,414 [Worker-29: Building] INFO  o.e.m.c.i.embedder.EclipseLogger - Using 'UTF-8' encoding to copy filtered resources.
2023-12-27 17:02:56,414 [Worker-29: Building] INFO  o.e.m.c.i.embedder.EclipseLogger - skip non existing resourceDirectory C:\JavaLearning\JavaAdvanced\JavaAdvancedPart2\Spring\Hello-Spring\src\test\resources
2023-12-27 17:06:17,703 [Worker-35: Building] INFO  o.e.m.c.i.embedder.EclipseLogger - Using 'UTF-8' encoding to copy filtered resources.
2023-12-27 17:06:17,703 [Worker-35: Building] INFO  o.e.m.c.i.embedder.EclipseLogger - skip non existing resourceDirectory C:\JavaLearning\JavaAdvanced\JavaAdvancedPart2\Spring\Hello-Spring\src\main\resources
2023-12-27 17:06:17,704 [Worker-35: Building] INFO  o.e.m.c.i.embedder.EclipseLogger - Using 'UTF-8' encoding to copy filtered resources.
2023-12-27 17:06:17,704 [Worker-35: Building] INFO  o.e.m.c.i.embedder.EclipseLogger - skip non existing resourceDirectory C:\JavaLearning\JavaAdvanced\JavaAdvancedPart2\Spring\Hello-Spring\src\test\resources
2023-12-27 17:06:32,195 [Worker-31: Building] INFO  o.e.m.c.i.embedder.EclipseLogger - Using 'UTF-8' encoding to copy filtered resources.
2023-12-27 17:06:32,195 [Worker-31: Building] INFO  o.e.m.c.i.embedder.EclipseLogger - skip non existing resourceDirectory C:\JavaLearning\JavaAdvanced\JavaAdvancedPart2\Spring\Hello-Spring\src\main\resources
2023-12-27 17:06:32,197 [Worker-31: Building] INFO  o.e.m.c.i.embedder.EclipseLogger - Using 'UTF-8' encoding to copy filtered resources.
2023-12-27 17:06:32,197 [Worker-31: Building] INFO  o.e.m.c.i.embedder.EclipseLogger - skip non existing resourceDirectory C:\JavaLearning\JavaAdvanced\JavaAdvancedPart2\Spring\Hello-Spring\src\test\resources
2023-12-27 17:07:54,886 [Worker-22: Building] INFO  o.e.m.c.i.embedder.EclipseLogger - Using 'UTF-8' encoding to copy filtered resources.
2023-12-27 17:07:54,886 [Worker-22: Building] INFO  o.e.m.c.i.embedder.EclipseLogger - skip non existing resourceDirectory C:\JavaLearning\JavaAdvanced\JavaAdvancedPart2\Spring\Hello-Spring\src\main\resources
2023-12-27 17:07:54,886 [Worker-22: Building] INFO  o.e.m.c.i.embedder.EclipseLogger - Using 'UTF-8' encoding to copy filtered resources.
2023-12-27 17:07:54,886 [Worker-22: Building] INFO  o.e.m.c.i.embedder.EclipseLogger - skip non existing resourceDirectory C:\JavaLearning\JavaAdvanced\JavaAdvancedPart2\Spring\Hello-Spring\src\test\resources
2023-12-27 17:08:04,910 [Worker-31: Building] INFO  o.e.m.c.i.embedder.EclipseLogger - Using 'UTF-8' encoding to copy filtered resources.
2023-12-27 17:08:04,911 [Worker-31: Building] INFO  o.e.m.c.i.embedder.EclipseLogger - skip non existing resourceDirectory C:\JavaLearning\JavaAdvanced\JavaAdvancedPart2\Spring\Hello-Spring\src\main\resources
2023-12-27 17:08:04,912 [Worker-31: Building] INFO  o.e.m.c.i.embedder.EclipseLogger - Using 'UTF-8' encoding to copy filtered resources.
2023-12-27 17:08:04,913 [Worker-31: Building] INFO  o.e.m.c.i.embedder.EclipseLogger - skip non existing resourceDirectory C:\JavaLearning\JavaAdvanced\JavaAdvancedPart2\Spring\Hello-Spring\src\test\resources
2023-12-27 17:08:43,124 [Worker-36: Building] INFO  o.e.m.c.i.embedder.EclipseLogger - Using 'UTF-8' encoding to copy filtered resources.
2023-12-27 17:08:43,124 [Worker-36: Building] INFO  o.e.m.c.i.embedder.EclipseLogger - skip non existing resourceDirectory C:\JavaLearning\JavaAdvanced\JavaAdvancedPart2\Spring\Hello-Spring\src\main\resources
2023-12-27 17:08:43,125 [Worker-36: Building] INFO  o.e.m.c.i.embedder.EclipseLogger - Using 'UTF-8' encoding to copy filtered resources.
2023-12-27 17:08:43,125 [Worker-36: Building] INFO  o.e.m.c.i.embedder.EclipseLogger - skip non existing resourceDirectory C:\JavaLearning\JavaAdvanced\JavaAdvancedPart2\Spring\Hello-Spring\src\test\resources
2023-12-27 17:08:51,629 [Worker-22: Building] INFO  o.e.m.c.i.embedder.EclipseLogger - Using 'UTF-8' encoding to copy filtered resources.
2023-12-27 17:08:51,629 [Worker-22: Building] INFO  o.e.m.c.i.embedder.EclipseLogger - skip non existing resourceDirectory C:\JavaLearning\JavaAdvanced\JavaAdvancedPart2\Spring\Hello-Spring\src\main\resources
2023-12-27 17:08:51,631 [Worker-22: Building] INFO  o.e.m.c.i.embedder.EclipseLogger - Using 'UTF-8' encoding to copy filtered resources.
2023-12-27 17:08:51,631 [Worker-22: Building] INFO  o.e.m.c.i.embedder.EclipseLogger - skip non existing resourceDirectory C:\JavaLearning\JavaAdvanced\JavaAdvancedPart2\Spring\Hello-Spring\src\test\resources
2023-12-27 17:24:18,991 [Worker-9: Loading available Gradle versions] INFO  o.e.b.c.i.u.g.PublishedGradleVersions - Gradle version information cache is up-to-date. Trying to read.
2023-12-27 17:26:27,793 [Worker-2: Launching mavenrun-3b9e8cf6-a6a7-496d-a16a-924686435d2a] INFO  o.eclipse.m2e.core.internal.Bundles - getClasspathEntries(Bundle=org.eclipse.m2e.maven.runtime_3.9.500.20231113-2345 [628])
2023-12-27 17:26:27,794 [Worker-2: Launching mavenrun-3b9e8cf6-a6a7-496d-a16a-924686435d2a] INFO  o.eclipse.m2e.core.internal.Bundles - 	Entry: C:\Users\Adham\.p2\pool\plugins\org.eclipse.m2e.maven.runtime_3.9.500.20231113-2345
2023-12-27 17:26:27,795 [Worker-2: Launching mavenrun-3b9e8cf6-a6a7-496d-a16a-924686435d2a] INFO  o.eclipse.m2e.core.internal.Bundles - 	Entry: C:\Users\Adham\.p2\pool\plugins\org.eclipse.m2e.maven.runtime_3.9.500.20231113-2345\jars\aopalliance-1.0.jar
2023-12-27 17:26:27,795 [Worker-2: Launching mavenrun-3b9e8cf6-a6a7-496d-a16a-924686435d2a] INFO  o.eclipse.m2e.core.internal.Bundles - 	Entry: C:\Users\Adham\.p2\pool\plugins\org.eclipse.m2e.maven.runtime_3.9.500.20231113-2345\jars\guice-5.1.0.jar
2023-12-27 17:26:27,795 [Worker-2: Launching mavenrun-3b9e8cf6-a6a7-496d-a16a-924686435d2a] INFO  o.eclipse.m2e.core.internal.Bundles - 	Entry: C:\Users\Adham\.p2\pool\plugins\org.eclipse.m2e.maven.runtime_3.9.500.20231113-2345\jars\httpclient-4.5.14.jar
2023-12-27 17:26:27,795 [Worker-2: Launching mavenrun-3b9e8cf6-a6a7-496d-a16a-924686435d2a] INFO  o.eclipse.m2e.core.internal.Bundles - 	Entry: C:\Users\Adham\.p2\pool\plugins\org.eclipse.m2e.maven.runtime_3.9.500.20231113-2345\jars\httpcore-4.4.16.jar
2023-12-27 17:26:27,795 [Worker-2: Launching mavenrun-3b9e8cf6-a6a7-496d-a16a-924686435d2a] INFO  o.eclipse.m2e.core.internal.Bundles - 	Entry: C:\Users\Adham\.p2\pool\plugins\org.eclipse.m2e.maven.runtime_3.9.500.20231113-2345\jars\jansi-2.4.0.jar
2023-12-27 17:26:27,795 [Worker-2: Launching mavenrun-3b9e8cf6-a6a7-496d-a16a-924686435d2a] INFO  o.eclipse.m2e.core.internal.Bundles - 	Entry: C:\Users\Adham\.p2\pool\plugins\org.eclipse.m2e.maven.runtime_3.9.500.20231113-2345\jars\jcl-over-slf4j-1.7.36.jar
2023-12-27 17:26:27,795 [Worker-2: Launching mavenrun-3b9e8cf6-a6a7-496d-a16a-924686435d2a] INFO  o.eclipse.m2e.core.internal.Bundles - 	Entry: C:\Users\Adham\.p2\pool\plugins\org.eclipse.m2e.maven.runtime_3.9.500.20231113-2345\jars\maven-artifact-3.9.5.jar
2023-12-27 17:26:27,795 [Worker-2: Launching mavenrun-3b9e8cf6-a6a7-496d-a16a-924686435d2a] INFO  o.eclipse.m2e.core.internal.Bundles - 	Entry: C:\Users\Adham\.p2\pool\plugins\org.eclipse.m2e.maven.runtime_3.9.500.20231113-2345\jars\maven-builder-support-3.9.5.jar
2023-12-27 17:26:27,796 [Worker-2: Launching mavenrun-3b9e8cf6-a6a7-496d-a16a-924686435d2a] INFO  o.eclipse.m2e.core.internal.Bundles - 	Entry: C:\Users\Adham\.p2\pool\plugins\org.eclipse.m2e.maven.runtime_3.9.500.20231113-2345\jars\maven-compat-3.9.5.jar
2023-12-27 17:26:27,796 [Worker-2: Launching mavenrun-3b9e8cf6-a6a7-496d-a16a-924686435d2a] INFO  o.eclipse.m2e.core.internal.Bundles - 	Entry: C:\Users\Adham\.p2\pool\plugins\org.eclipse.m2e.maven.runtime_3.9.500.20231113-2345\jars\maven-core-3.9.5.jar
2023-12-27 17:26:27,796 [Worker-2: Launching mavenrun-3b9e8cf6-a6a7-496d-a16a-924686435d2a] INFO  o.eclipse.m2e.core.internal.Bundles - 	Entry: C:\Users\Adham\.p2\pool\plugins\org.eclipse.m2e.maven.runtime_3.9.500.20231113-2345\jars\maven-embedder-3.9.5.jar
2023-12-27 17:26:27,796 [Worker-2: Launching mavenrun-3b9e8cf6-a6a7-496d-a16a-924686435d2a] INFO  o.eclipse.m2e.core.internal.Bundles - 	Entry: C:\Users\Adham\.p2\pool\plugins\org.eclipse.m2e.maven.runtime_3.9.500.20231113-2345\jars\maven-model-3.9.5.jar
2023-12-27 17:26:27,796 [Worker-2: Launching mavenrun-3b9e8cf6-a6a7-496d-a16a-924686435d2a] INFO  o.eclipse.m2e.core.internal.Bundles - 	Entry: C:\Users\Adham\.p2\pool\plugins\org.eclipse.m2e.maven.runtime_3.9.500.20231113-2345\jars\maven-model-builder-3.9.5.jar
2023-12-27 17:26:27,796 [Worker-2: Launching mavenrun-3b9e8cf6-a6a7-496d-a16a-924686435d2a] INFO  o.eclipse.m2e.core.internal.Bundles - 	Entry: C:\Users\Adham\.p2\pool\plugins\org.eclipse.m2e.maven.runtime_3.9.500.20231113-2345\jars\maven-plugin-api-3.9.5.jar
2023-12-27 17:26:27,796 [Worker-2: Launching mavenrun-3b9e8cf6-a6a7-496d-a16a-924686435d2a] INFO  o.eclipse.m2e.core.internal.Bundles - 	Entry: C:\Users\Adham\.p2\pool\plugins\org.eclipse.m2e.maven.runtime_3.9.500.20231113-2345\jars\maven-repository-metadata-3.9.5.jar
2023-12-27 17:26:27,797 [Worker-2: Launching mavenrun-3b9e8cf6-a6a7-496d-a16a-924686435d2a] INFO  o.eclipse.m2e.core.internal.Bundles - 	Entry: C:\Users\Adham\.p2\pool\plugins\org.eclipse.m2e.maven.runtime_3.9.500.20231113-2345\jars\maven-resolver-api-1.9.16.jar
2023-12-27 17:26:27,797 [Worker-2: Launching mavenrun-3b9e8cf6-a6a7-496d-a16a-924686435d2a] INFO  o.eclipse.m2e.core.internal.Bundles - 	Entry: C:\Users\Adham\.p2\pool\plugins\org.eclipse.m2e.maven.runtime_3.9.500.20231113-2345\jars\maven-resolver-connector-basic-1.9.16.jar
2023-12-27 17:26:27,797 [Worker-2: Launching mavenrun-3b9e8cf6-a6a7-496d-a16a-924686435d2a] INFO  o.eclipse.m2e.core.internal.Bundles - 	Entry: C:\Users\Adham\.p2\pool\plugins\org.eclipse.m2e.maven.runtime_3.9.500.20231113-2345\jars\maven-resolver-impl-1.9.16.jar
2023-12-27 17:26:27,797 [Worker-2: Launching mavenrun-3b9e8cf6-a6a7-496d-a16a-924686435d2a] INFO  o.eclipse.m2e.core.internal.Bundles - 	Entry: C:\Users\Adham\.p2\pool\plugins\org.eclipse.m2e.maven.runtime_3.9.500.20231113-2345\jars\maven-resolver-named-locks-1.9.16.jar
2023-12-27 17:26:27,797 [Worker-2: Launching mavenrun-3b9e8cf6-a6a7-496d-a16a-924686435d2a] INFO  o.eclipse.m2e.core.internal.Bundles - 	Entry: C:\Users\Adham\.p2\pool\plugins\org.eclipse.m2e.maven.runtime_3.9.500.20231113-2345\jars\maven-resolver-provider-3.9.5.jar
2023-12-27 17:26:27,797 [Worker-2: Launching mavenrun-3b9e8cf6-a6a7-496d-a16a-924686435d2a] INFO  o.eclipse.m2e.core.internal.Bundles - 	Entry: C:\Users\Adham\.p2\pool\plugins\org.eclipse.m2e.maven.runtime_3.9.500.20231113-2345\jars\maven-resolver-spi-1.9.16.jar
2023-12-27 17:26:27,797 [Worker-2: Launching mavenrun-3b9e8cf6-a6a7-496d-a16a-924686435d2a] INFO  o.eclipse.m2e.core.internal.Bundles - 	Entry: C:\Users\Adham\.p2\pool\plugins\org.eclipse.m2e.maven.runtime_3.9.500.20231113-2345\jars\maven-resolver-transport-file-1.9.16.jar
2023-12-27 17:26:27,797 [Worker-2: Launching mavenrun-3b9e8cf6-a6a7-496d-a16a-924686435d2a] INFO  o.eclipse.m2e.core.internal.Bundles - 	Entry: C:\Users\Adham\.p2\pool\plugins\org.eclipse.m2e.maven.runtime_3.9.500.20231113-2345\jars\maven-resolver-transport-http-1.9.16.jar
2023-12-27 17:26:27,797 [Worker-2: Launching mavenrun-3b9e8cf6-a6a7-496d-a16a-924686435d2a] INFO  o.eclipse.m2e.core.internal.Bundles - 	Entry: C:\Users\Adham\.p2\pool\plugins\org.eclipse.m2e.maven.runtime_3.9.500.20231113-2345\jars\maven-resolver-transport-wagon-1.9.16.jar
2023-12-27 17:26:27,797 [Worker-2: Launching mavenrun-3b9e8cf6-a6a7-496d-a16a-924686435d2a] INFO  o.eclipse.m2e.core.internal.Bundles - 	Entry: C:\Users\Adham\.p2\pool\plugins\org.eclipse.m2e.maven.runtime_3.9.500.20231113-2345\jars\maven-resolver-util-1.9.16.jar
2023-12-27 17:26:27,798 [Worker-2: Launching mavenrun-3b9e8cf6-a6a7-496d-a16a-924686435d2a] INFO  o.eclipse.m2e.core.internal.Bundles - 	Entry: C:\Users\Adham\.p2\pool\plugins\org.eclipse.m2e.maven.runtime_3.9.500.20231113-2345\jars\maven-settings-3.9.5.jar
2023-12-27 17:26:27,798 [Worker-2: Launching mavenrun-3b9e8cf6-a6a7-496d-a16a-924686435d2a] INFO  o.eclipse.m2e.core.internal.Bundles - 	Entry: C:\Users\Adham\.p2\pool\plugins\org.eclipse.m2e.maven.runtime_3.9.500.20231113-2345\jars\maven-settings-builder-3.9.5.jar
2023-12-27 17:26:27,798 [Worker-2: Launching mavenrun-3b9e8cf6-a6a7-496d-a16a-924686435d2a] INFO  o.eclipse.m2e.core.internal.Bundles - 	Entry: C:\Users\Adham\.p2\pool\plugins\org.eclipse.m2e.maven.runtime_3.9.500.20231113-2345\jars\maven-shared-utils-3.3.4.jar
2023-12-27 17:26:27,798 [Worker-2: Launching mavenrun-3b9e8cf6-a6a7-496d-a16a-924686435d2a] INFO  o.eclipse.m2e.core.internal.Bundles - 	Entry: C:\Users\Adham\.p2\pool\plugins\org.eclipse.m2e.maven.runtime_3.9.500.20231113-2345\jars\org.eclipse.sisu.inject-0.3.5.jar
2023-12-27 17:26:27,798 [Worker-2: Launching mavenrun-3b9e8cf6-a6a7-496d-a16a-924686435d2a] INFO  o.eclipse.m2e.core.internal.Bundles - 	Entry: C:\Users\Adham\.p2\pool\plugins\org.eclipse.m2e.maven.runtime_3.9.500.20231113-2345\jars\org.eclipse.sisu.plexus-0.3.5.jar
2023-12-27 17:26:27,798 [Worker-2: Launching mavenrun-3b9e8cf6-a6a7-496d-a16a-924686435d2a] INFO  o.eclipse.m2e.core.internal.Bundles - 	Entry: C:\Users\Adham\.p2\pool\plugins\org.eclipse.m2e.maven.runtime_3.9.500.20231113-2345\jars\plexus-build-api-0.0.7.jar
2023-12-27 17:26:27,798 [Worker-2: Launching mavenrun-3b9e8cf6-a6a7-496d-a16a-924686435d2a] INFO  o.eclipse.m2e.core.internal.Bundles - 	Entry: C:\Users\Adham\.p2\pool\plugins\org.eclipse.m2e.maven.runtime_3.9.500.20231113-2345\jars\plexus-cipher-2.0.jar
2023-12-27 17:26:27,798 [Worker-2: Launching mavenrun-3b9e8cf6-a6a7-496d-a16a-924686435d2a] INFO  o.eclipse.m2e.core.internal.Bundles - 	Entry: C:\Users\Adham\.p2\pool\plugins\org.eclipse.m2e.maven.runtime_3.9.500.20231113-2345\jars\plexus-classworlds-2.7.0.jar
2023-12-27 17:26:27,798 [Worker-2: Launching mavenrun-3b9e8cf6-a6a7-496d-a16a-924686435d2a] INFO  o.eclipse.m2e.core.internal.Bundles - 	Entry: C:\Users\Adham\.p2\pool\plugins\org.eclipse.m2e.maven.runtime_3.9.500.20231113-2345\jars\plexus-component-annotations-2.1.0.jar
2023-12-27 17:26:27,799 [Worker-2: Launching mavenrun-3b9e8cf6-a6a7-496d-a16a-924686435d2a] INFO  o.eclipse.m2e.core.internal.Bundles - 	Entry: C:\Users\Adham\.p2\pool\plugins\org.eclipse.m2e.maven.runtime_3.9.500.20231113-2345\jars\plexus-interpolation-1.26.jar
2023-12-27 17:26:27,799 [Worker-2: Launching mavenrun-3b9e8cf6-a6a7-496d-a16a-924686435d2a] INFO  o.eclipse.m2e.core.internal.Bundles - 	Entry: C:\Users\Adham\.p2\pool\plugins\org.eclipse.m2e.maven.runtime_3.9.500.20231113-2345\jars\plexus-sec-dispatcher-2.0.jar
2023-12-27 17:26:27,799 [Worker-2: Launching mavenrun-3b9e8cf6-a6a7-496d-a16a-924686435d2a] INFO  o.eclipse.m2e.core.internal.Bundles - 	Entry: C:\Users\Adham\.p2\pool\plugins\org.eclipse.m2e.maven.runtime_3.9.500.20231113-2345\jars\plexus-utils-3.5.1.jar
2023-12-27 17:26:27,799 [Worker-2: Launching mavenrun-3b9e8cf6-a6a7-496d-a16a-924686435d2a] INFO  o.eclipse.m2e.core.internal.Bundles - 	Entry: C:\Users\Adham\.p2\pool\plugins\org.eclipse.m2e.maven.runtime_3.9.500.20231113-2345\jars\wagon-file-3.5.3.jar
2023-12-27 17:26:27,799 [Worker-2: Launching mavenrun-3b9e8cf6-a6a7-496d-a16a-924686435d2a] INFO  o.eclipse.m2e.core.internal.Bundles - 	Entry: C:\Users\Adham\.p2\pool\plugins\org.eclipse.m2e.maven.runtime_3.9.500.20231113-2345\jars\wagon-http-3.5.3.jar
2023-12-27 17:26:27,799 [Worker-2: Launching mavenrun-3b9e8cf6-a6a7-496d-a16a-924686435d2a] INFO  o.eclipse.m2e.core.internal.Bundles - 	Entry: C:\Users\Adham\.p2\pool\plugins\org.eclipse.m2e.maven.runtime_3.9.500.20231113-2345\jars\wagon-http-shared-3.5.3.jar
2023-12-27 17:26:27,799 [Worker-2: Launching mavenrun-3b9e8cf6-a6a7-496d-a16a-924686435d2a] INFO  o.eclipse.m2e.core.internal.Bundles - 	Entry: C:\Users\Adham\.p2\pool\plugins\org.eclipse.m2e.maven.runtime_3.9.500.20231113-2345\jars\wagon-provider-api-3.5.3.jar
2023-12-27 17:26:27,800 [Worker-2: Launching mavenrun-3b9e8cf6-a6a7-496d-a16a-924686435d2a] INFO  o.eclipse.m2e.core.internal.Bundles - getClasspathEntries(Bundle=com.google.guava_32.1.3.jre [14])
2023-12-27 17:26:27,801 [Worker-2: Launching mavenrun-3b9e8cf6-a6a7-496d-a16a-924686435d2a] INFO  o.eclipse.m2e.core.internal.Bundles - 	Entry: C:\Users\Adham\.p2\pool\plugins\com.google.guava_32.1.3.jre.jar
2023-12-27 17:26:27,801 [Worker-2: Launching mavenrun-3b9e8cf6-a6a7-496d-a16a-924686435d2a] INFO  o.eclipse.m2e.core.internal.Bundles - getClasspathEntries(Bundle=slf4j.api_2.0.9 [989])
2023-12-27 17:26:27,801 [Worker-2: Launching mavenrun-3b9e8cf6-a6a7-496d-a16a-924686435d2a] INFO  o.eclipse.m2e.core.internal.Bundles - 	Entry: C:\Users\Adham\.p2\pool\plugins\slf4j.api_2.0.9.jar
2023-12-27 17:26:27,801 [Worker-2: Launching mavenrun-3b9e8cf6-a6a7-496d-a16a-924686435d2a] INFO  o.eclipse.m2e.core.internal.Bundles - getClasspathEntries(Bundle=jakarta.inject.jakarta.inject-api_1.0.5 [32])
2023-12-27 17:26:27,801 [Worker-2: Launching mavenrun-3b9e8cf6-a6a7-496d-a16a-924686435d2a] INFO  o.eclipse.m2e.core.internal.Bundles - 	Entry: C:\Users\Adham\.p2\pool\plugins\jakarta.inject.jakarta.inject-api_1.0.5.jar
2023-12-27 17:26:27,801 [Worker-2: Launching mavenrun-3b9e8cf6-a6a7-496d-a16a-924686435d2a] INFO  o.eclipse.m2e.core.internal.Bundles - getClasspathEntries(Bundle=jakarta.annotation-api_1.3.5 [27])
2023-12-27 17:26:27,801 [Worker-2: Launching mavenrun-3b9e8cf6-a6a7-496d-a16a-924686435d2a] INFO  o.eclipse.m2e.core.internal.Bundles - 	Entry: C:\Users\Adham\.p2\pool\plugins\jakarta.annotation-api_1.3.5.jar
2023-12-27 17:26:27,801 [Worker-2: Launching mavenrun-3b9e8cf6-a6a7-496d-a16a-924686435d2a] INFO  o.eclipse.m2e.core.internal.Bundles - getClasspathEntries(Bundle=org.apache.commons.cli_1.6.0 [75])
2023-12-27 17:26:27,802 [Worker-2: Launching mavenrun-3b9e8cf6-a6a7-496d-a16a-924686435d2a] INFO  o.eclipse.m2e.core.internal.Bundles - 	Entry: C:\Users\Adham\.p2\pool\plugins\org.apache.commons.cli_1.6.0.jar
2023-12-27 17:26:27,802 [Worker-2: Launching mavenrun-3b9e8cf6-a6a7-496d-a16a-924686435d2a] INFO  o.eclipse.m2e.core.internal.Bundles - getClasspathEntries(Bundle=org.apache.commons.commons-codec_1.16.0 [79])
2023-12-27 17:26:27,802 [Worker-2: Launching mavenrun-3b9e8cf6-a6a7-496d-a16a-924686435d2a] INFO  o.eclipse.m2e.core.internal.Bundles - 	Entry: C:\Users\Adham\.p2\pool\plugins\org.apache.commons.commons-codec_1.16.0.jar
2023-12-27 17:26:27,802 [Worker-2: Launching mavenrun-3b9e8cf6-a6a7-496d-a16a-924686435d2a] INFO  o.eclipse.m2e.core.internal.Bundles - getClasspathEntries(Bundle=org.apache.commons.lang3_3.13.0 [86])
2023-12-27 17:26:27,803 [Worker-2: Launching mavenrun-3b9e8cf6-a6a7-496d-a16a-924686435d2a] INFO  o.eclipse.m2e.core.internal.Bundles - 	Entry: C:\Users\Adham\.p2\pool\plugins\org.apache.commons.lang3_3.13.0.jar
2023-12-27 17:26:27,803 [Worker-2: Launching mavenrun-3b9e8cf6-a6a7-496d-a16a-924686435d2a] INFO  o.eclipse.m2e.core.internal.Bundles - getClasspathEntries(Bundle=com.google.guava.failureaccess_1.0.2 [15])
2023-12-27 17:26:27,803 [Worker-2: Launching mavenrun-3b9e8cf6-a6a7-496d-a16a-924686435d2a] INFO  o.eclipse.m2e.core.internal.Bundles - 	Entry: C:\Users\Adham\.p2\pool\plugins\com.google.guava.failureaccess_1.0.2.jar
2023-12-27 17:26:27,806 [Worker-2: Launching mavenrun-3b9e8cf6-a6a7-496d-a16a-924686435d2a] INFO  o.e.m.i.launch.MavenLaunchDelegate - Run build in "C:\Users\Adham\AppData\Local\Temp\m2e-archetypeGenerator10633515675812241080":
2023-12-27 17:26:27,807 [Worker-2: Launching mavenrun-3b9e8cf6-a6a7-496d-a16a-924686435d2a] INFO  o.e.m.i.launch.MavenLaunchDelegate -  mvn  -DarchetypeGroupId=org.apache.maven.archetypes -DarchetypeArtifactId=maven-archetype-webapp -DarchetypeVersion=1.0 -DgroupId=com.example -DartifactId=SpringMVC -Dversion=1.0-SNAPSHOT -Dpackage=com.example.SpringMVC -DoutputDirectory=C:\JavaLearning\JavaAdvanced\JavaAdvancedPart2 -Dstyle.color=always -U archetype:generate
2023-12-27 17:26:50,723 [Worker-7: Creating maven-archetype-webapp] INFO  o.e.m.c.i.p.ProjectConfigurationManager - Collecting project info '/pom.xml' C:\JavaLearning\JavaAdvanced\JavaAdvancedPart2\SpringMVC\pom.xml
2023-12-27 17:26:51,704 [Worker-7: Creating maven-archetype-webapp] INFO  o.e.m.c.i.l.LifecycleMappingFactory - Using org.maven.ide.eclipse.wtp.WarLifecycleMapping lifecycle mapping for MavenProject: com.example:SpringMVC:1.0-SNAPSHOT @ C:\JavaLearning\JavaAdvanced\JavaAdvancedPart2\SpringMVC\pom.xml.
2023-12-27 17:26:52,634 [Worker-7: Creating maven-archetype-webapp] INFO  o.e.m.j.i.AbstractJavaProjectConfigurator - Adding source folder /SpringMVC/src/main/java
2023-12-27 17:26:52,635 [Worker-7: Creating maven-archetype-webapp] INFO  o.e.m.j.i.AbstractJavaProjectConfigurator - Adding resource folder /SpringMVC/src/main/resources
2023-12-27 17:26:52,635 [Worker-7: Creating maven-archetype-webapp] INFO  o.e.m.j.i.AbstractJavaProjectConfigurator - Adding source folder /SpringMVC/src/test/java
2023-12-27 17:26:52,635 [Worker-7: Creating maven-archetype-webapp] INFO  o.e.m.j.i.AbstractJavaProjectConfigurator - Adding resource folder /SpringMVC/src/test/resources
2023-12-27 17:26:54,095 [Worker-7: Creating maven-archetype-webapp] INFO  o.e.m.c.i.p.ProjectConfigurationManager - Imported and configured 1 project(s) in 3 sec
2023-12-27 17:26:54,550 [Worker-23: Building] WARN  o.a.m.s.f.DefaultMavenResourcesFiltering - Using platform encoding (Cp1252 actually) to copy filtered resources, i.e. build is platform dependent!
2023-12-27 17:26:54,560 [Worker-23: Building] INFO  o.a.m.s.f.DefaultMavenResourcesFiltering - Copying 0 resource from src\main\resources to target\classes
2023-12-27 17:26:54,570 [Worker-23: Building] WARN  o.a.m.s.f.DefaultMavenResourcesFiltering - Using platform encoding (Cp1252 actually) to copy filtered resources, i.e. build is platform dependent!
2023-12-27 17:26:54,570 [Worker-23: Building] INFO  o.a.m.s.f.DefaultMavenResourcesFiltering - skip non existing resourceDirectory C:\JavaLearning\JavaAdvanced\JavaAdvancedPart2\SpringMVC\src\test\resources
2023-12-27 17:28:37,623 [Worker-7: Building] WARN  o.a.m.s.f.DefaultMavenResourcesFiltering - Using platform encoding (Cp1252 actually) to copy filtered resources, i.e. build is platform dependent!
2023-12-27 17:28:37,626 [Worker-7: Building] INFO  o.a.m.s.f.DefaultMavenResourcesFiltering - Copying 0 resource from src\main\resources to target\classes
2023-12-27 17:28:37,629 [Worker-7: Building] WARN  o.a.m.s.f.DefaultMavenResourcesFiltering - Using platform encoding (Cp1252 actually) to copy filtered resources, i.e. build is platform dependent!
2023-12-27 17:28:37,629 [Worker-7: Building] INFO  o.a.m.s.f.DefaultMavenResourcesFiltering - skip non existing resourceDirectory C:\JavaLearning\JavaAdvanced\JavaAdvancedPart2\SpringMVC\src\test\resources
2023-12-27 17:29:01,158 [Worker-7: Building Project SpringMVC] WARN  o.a.m.s.f.DefaultMavenResourcesFiltering - Using platform encoding (Cp1252 actually) to copy filtered resources, i.e. build is platform dependent!
2023-12-27 17:29:01,159 [Worker-7: Building Project SpringMVC] INFO  o.a.m.s.f.DefaultMavenResourcesFiltering - Copying 0 resource from src\main\resources to target\classes
2023-12-27 17:29:01,159 [Worker-7: Building Project SpringMVC] WARN  o.a.m.s.f.DefaultMavenResourcesFiltering - Using platform encoding (Cp1252 actually) to copy filtered resources, i.e. build is platform dependent!
2023-12-27 17:29:01,159 [Worker-7: Building Project SpringMVC] INFO  o.a.m.s.f.DefaultMavenResourcesFiltering - skip non existing resourceDirectory C:\JavaLearning\JavaAdvanced\JavaAdvancedPart2\SpringMVC\src\test\resources
2023-12-27 17:29:50,874 [Worker-24: Building] INFO  o.e.m.c.i.l.LifecycleMappingFactory - Using org.eclipse.m2e.jdt.JarLifecycleMapping lifecycle mapping for MavenProject: com.example:SpringMVC:1.0-SNAPSHOT @ C:\JavaLearning\JavaAdvanced\JavaAdvancedPart2\SpringMVC\pom.xml.
2023-12-27 17:29:51,150 [Worker-24: Building] INFO  o.a.m.s.f.DefaultMavenResourcesFiltering - Copying 0 resource from src\main\resources to target\classes
2023-12-27 17:29:51,150 [Worker-24: Building] INFO  o.a.m.s.f.DefaultMavenResourcesFiltering - skip non existing resourceDirectory C:\JavaLearning\JavaAdvanced\JavaAdvancedPart2\SpringMVC\src\test\resources
2023-12-27 17:29:51,215 [Worker-2: Updating Maven Project] INFO  o.e.m.c.i.p.ProjectConfigurationManager - Update started
2023-12-27 17:29:51,397 [Worker-2: Updating Maven Project] INFO  o.e.m.c.i.l.LifecycleMappingFactory - Using org.eclipse.m2e.jdt.JarLifecycleMapping lifecycle mapping for MavenProject: com.example:SpringMVC:1.0-SNAPSHOT @ C:\JavaLearning\JavaAdvanced\JavaAdvancedPart2\SpringMVC\pom.xml.
2023-12-27 17:29:51,481 [Worker-2: Updating Maven Project] INFO  o.e.m.j.i.AbstractJavaProjectConfigurator - Adding source folder /SpringMVC/src/main/java
2023-12-27 17:29:51,481 [Worker-2: Updating Maven Project] INFO  o.e.m.j.i.AbstractJavaProjectConfigurator - Adding resource folder /SpringMVC/src/main/resources
2023-12-27 17:29:51,483 [Worker-2: Updating Maven Project] INFO  o.e.m.j.i.AbstractJavaProjectConfigurator - Adding source folder /SpringMVC/src/test/java
2023-12-27 17:29:51,483 [Worker-2: Updating Maven Project] INFO  o.e.m.j.i.AbstractJavaProjectConfigurator - Adding resource folder /SpringMVC/src/test/resources
2023-12-27 17:29:51,578 [Worker-2: Updating Maven Project] INFO  o.e.m.c.i.p.ProjectConfigurationManager - Update completed for 1 poms: local refresh takes 0.00 sec, refresh facades takes 0.00 sec, update config takes 0.00 sec 
2023-12-27 17:29:52,233 [Worker-24: Building] INFO  o.a.m.s.f.DefaultMavenResourcesFiltering - Copying 0 resource from src\main\resources to target\classes
2023-12-27 17:29:52,236 [Worker-24: Building] INFO  o.a.m.s.f.DefaultMavenResourcesFiltering - skip non existing resourceDirectory C:\JavaLearning\JavaAdvanced\JavaAdvancedPart2\SpringMVC\src\test\resources
2023-12-27 17:30:09,784 [Worker-7: Building] INFO  o.e.m.c.i.l.LifecycleMappingFactory - Using org.eclipse.m2e.jdt.JarLifecycleMapping lifecycle mapping for MavenProject: com.example:SpringMVC:1.0-SNAPSHOT @ C:\JavaLearning\JavaAdvanced\JavaAdvancedPart2\SpringMVC\pom.xml.
2023-12-27 17:30:09,868 [Worker-7: Building] INFO  o.a.m.s.f.DefaultMavenResourcesFiltering - Copying 0 resource from src\main\resources to target\classes
2023-12-27 17:30:09,871 [Worker-7: Building] INFO  o.a.m.s.f.DefaultMavenResourcesFiltering - skip non existing resourceDirectory C:\JavaLearning\JavaAdvanced\JavaAdvancedPart2\SpringMVC\src\test\resources
2023-12-27 17:30:21,573 [Worker-7: Building] INFO  o.a.m.s.f.DefaultMavenResourcesFiltering - Copying 0 resource from src\main\resources to target\classes
2023-12-27 17:30:21,574 [Worker-7: Building] INFO  o.a.m.s.f.DefaultMavenResourcesFiltering - skip non existing resourceDirectory C:\JavaLearning\JavaAdvanced\JavaAdvancedPart2\SpringMVC\src\test\resources
2023-12-27 17:30:23,986 [Worker-2: Building] INFO  o.a.m.s.f.DefaultMavenResourcesFiltering - Copying 0 resource from src\main\resources to target\classes
2023-12-27 17:30:23,988 [Worker-2: Building] INFO  o.a.m.s.f.DefaultMavenResourcesFiltering - skip non existing resourceDirectory C:\JavaLearning\JavaAdvanced\JavaAdvancedPart2\SpringMVC\src\test\resources
2023-12-27 17:31:56,710 [Worker-24: Building] INFO  o.e.m.c.i.l.LifecycleMappingFactory - Using org.eclipse.m2e.jdt.JarLifecycleMapping lifecycle mapping for MavenProject: com.example:SpringMVC:1.0-SNAPSHOT @ C:\JavaLearning\JavaAdvanced\JavaAdvancedPart2\SpringMVC\pom.xml.
2023-12-27 17:31:56,808 [Worker-24: Building] INFO  o.a.m.s.f.DefaultMavenResourcesFiltering - Copying 0 resource from src\main\resources to target\classes
2023-12-27 17:31:56,811 [Worker-24: Building] INFO  o.a.m.s.f.DefaultMavenResourcesFiltering - skip non existing resourceDirectory C:\JavaLearning\JavaAdvanced\JavaAdvancedPart2\SpringMVC\src\test\resources
2023-12-27 17:32:59,994 [Worker-22: Building] INFO  o.e.m.c.i.l.LifecycleMappingFactory - Using org.eclipse.m2e.jdt.JarLifecycleMapping lifecycle mapping for MavenProject: com.example:SpringMVC:1.0-SNAPSHOT @ C:\JavaLearning\JavaAdvanced\JavaAdvancedPart2\SpringMVC\pom.xml.
2023-12-27 17:33:00,390 [Worker-22: Building] INFO  o.a.m.s.f.DefaultMavenResourcesFiltering - Copying 0 resource from src\main\resources to target\classes
2023-12-27 17:33:00,395 [Worker-22: Building] INFO  o.a.m.s.f.DefaultMavenResourcesFiltering - skip non existing resourceDirectory C:\JavaLearning\JavaAdvanced\JavaAdvancedPart2\SpringMVC\src\test\resources
2023-12-27 17:35:30,092 [Worker-28: Building] INFO  o.e.m.c.i.l.LifecycleMappingFactory - Using org.eclipse.m2e.jdt.JarLifecycleMapping lifecycle mapping for MavenProject: com.example:SpringMVC:1.0-SNAPSHOT @ C:\JavaLearning\JavaAdvanced\JavaAdvancedPart2\SpringMVC\pom.xml.
2023-12-27 17:35:30,587 [Worker-28: Building] INFO  o.e.m.c.i.e.AbstractTransferListenerAdapter - Downloading https://repo.maven.apache.org/maven2/org/springframework/spring-webmvc/6.1.2/spring-webmvc-6.1.2.pom
2023-12-27 17:35:30,587 [Worker-28: Building] INFO  o.e.m.c.i.e.AbstractTransferListenerAdapter - Downloaded https://repo.maven.apache.org/maven2/org/springframework/spring-webmvc/6.1.2/spring-webmvc-6.1.2.pom
2023-12-27 17:35:30,710 [Worker-28: Building] INFO  o.e.m.c.i.e.AbstractTransferListenerAdapter - Downloading https://repo.maven.apache.org/maven2/org/springframework/spring-web/6.1.2/spring-web-6.1.2.pom
2023-12-27 17:35:30,712 [Worker-28: Building] INFO  o.e.m.c.i.e.AbstractTransferListenerAdapter - Downloaded https://repo.maven.apache.org/maven2/org/springframework/spring-web/6.1.2/spring-web-6.1.2.pom
2023-12-27 17:35:30,841 [Worker-28: Building] INFO  o.e.m.c.i.e.AbstractTransferListenerAdapter - Downloading https://repo.maven.apache.org/maven2/org/springframework/spring-webmvc/6.1.2/spring-webmvc-6.1.2.jar
2023-12-27 17:35:31,387 [Worker-28: Building] INFO  o.e.m.c.i.e.AbstractTransferListenerAdapter - Downloaded https://repo.maven.apache.org/maven2/org/springframework/spring-webmvc/6.1.2/spring-webmvc-6.1.2.jar
2023-12-27 17:35:31,503 [BasicRepositoryConnector-repo.maven.apache.org-0-0] INFO  o.e.m.c.i.e.AbstractTransferListenerAdapter - Downloading https://repo.maven.apache.org/maven2/org/springframework/spring-web/6.1.2/spring-web-6.1.2.jar
2023-12-27 17:35:31,892 [BasicRepositoryConnector-repo.maven.apache.org-0-0] INFO  o.e.m.c.i.e.AbstractTransferListenerAdapter - Downloaded https://repo.maven.apache.org/maven2/org/springframework/spring-web/6.1.2/spring-web-6.1.2.jar
2023-12-27 17:35:32,100 [Worker-28: Building] INFO  o.a.m.s.f.DefaultMavenResourcesFiltering - Copying 0 resource from src\main\resources to target\classes
2023-12-27 17:35:32,102 [Worker-28: Building] INFO  o.a.m.s.f.DefaultMavenResourcesFiltering - skip non existing resourceDirectory C:\JavaLearning\JavaAdvanced\JavaAdvancedPart2\SpringMVC\src\test\resources
2023-12-27 17:35:33,387 [Worker-29: Download sources and javadoc] INFO  o.e.m.c.i.e.AbstractTransferListenerAdapter - Downloading https://repo.maven.apache.org/maven2/org/springframework/spring-webmvc/6.1.2/spring-webmvc-6.1.2-sources.jar
2023-12-27 17:35:33,902 [Worker-29: Download sources and javadoc] INFO  o.e.m.c.i.e.AbstractTransferListenerAdapter - Downloaded https://repo.maven.apache.org/maven2/org/springframework/spring-webmvc/6.1.2/spring-webmvc-6.1.2-sources.jar
2023-12-27 17:35:33,909 [Worker-29: Download sources and javadoc] INFO  o.e.m.j.internal.DownloadSourcesJob - Downloaded sources for org.springframework:spring-webmvc:6.1.2
2023-12-27 17:35:34,245 [Worker-29: Download sources and javadoc] INFO  o.e.m.c.i.e.AbstractTransferListenerAdapter - Downloading https://repo.maven.apache.org/maven2/org/springframework/spring-web/6.1.2/spring-web-6.1.2-sources.jar
2023-12-27 17:35:34,971 [Worker-29: Download sources and javadoc] INFO  o.e.m.c.i.e.AbstractTransferListenerAdapter - Downloaded https://repo.maven.apache.org/maven2/org/springframework/spring-web/6.1.2/spring-web-6.1.2-sources.jar
2023-12-27 17:35:34,977 [Worker-29: Download sources and javadoc] INFO  o.e.m.j.internal.DownloadSourcesJob - Downloaded sources for org.springframework:spring-web:6.1.2
2023-12-27 17:36:11,190 [Worker-30: Building] INFO  o.e.m.c.i.l.LifecycleMappingFactory - Using org.eclipse.m2e.jdt.JarLifecycleMapping lifecycle mapping for MavenProject: com.example:SpringMVC:1.0-SNAPSHOT @ C:\JavaLearning\JavaAdvanced\JavaAdvancedPart2\SpringMVC\pom.xml.
2023-12-27 17:36:11,472 [Worker-30: Building] INFO  o.a.m.s.f.DefaultMavenResourcesFiltering - Copying 0 resource from src\main\resources to target\classes
2023-12-27 17:36:11,475 [Worker-30: Building] INFO  o.a.m.s.f.DefaultMavenResourcesFiltering - skip non existing resourceDirectory C:\JavaLearning\JavaAdvanced\JavaAdvancedPart2\SpringMVC\src\test\resources
2023-12-27 17:36:30,091 [Worker-29: Building] INFO  o.e.m.c.i.l.LifecycleMappingFactory - Using org.eclipse.m2e.jdt.JarLifecycleMapping lifecycle mapping for MavenProject: com.example:SpringMVC:1.0-SNAPSHOT @ C:\JavaLearning\JavaAdvanced\JavaAdvancedPart2\SpringMVC\pom.xml.
2023-12-27 17:36:30,294 [Worker-29: Building] INFO  o.a.m.s.f.DefaultMavenResourcesFiltering - Copying 0 resource from src\main\resources to target\classes
2023-12-27 17:36:30,296 [Worker-29: Building] INFO  o.a.m.s.f.DefaultMavenResourcesFiltering - skip non existing resourceDirectory C:\JavaLearning\JavaAdvanced\JavaAdvancedPart2\SpringMVC\src\test\resources
2023-12-27 17:36:43,299 [Worker-28: Building] INFO  o.a.m.s.f.DefaultMavenResourcesFiltering - Copying 0 resource from src\main\resources to target\classes
2023-12-27 17:36:43,301 [Worker-28: Building] INFO  o.a.m.s.f.DefaultMavenResourcesFiltering - skip non existing resourceDirectory C:\JavaLearning\JavaAdvanced\JavaAdvancedPart2\SpringMVC\src\test\resources
2023-12-27 17:37:16,508 [Worker-30: Building] INFO  o.a.m.s.f.DefaultMavenResourcesFiltering - Copying 0 resource from src\main\resources to target\classes
2023-12-27 17:37:16,510 [Worker-30: Building] INFO  o.a.m.s.f.DefaultMavenResourcesFiltering - skip non existing resourceDirectory C:\JavaLearning\JavaAdvanced\JavaAdvancedPart2\SpringMVC\src\test\resources
2023-12-27 17:37:33,171 [Worker-30: Updating Maven Project] INFO  o.e.m.c.i.p.ProjectConfigurationManager - Update started
2023-12-27 17:37:33,325 [Worker-30: Updating Maven Project] INFO  o.e.m.c.i.l.LifecycleMappingFactory - Using org.eclipse.m2e.jdt.JarLifecycleMapping lifecycle mapping for MavenProject: com.example:SpringMVC:1.0-SNAPSHOT @ C:\JavaLearning\JavaAdvanced\JavaAdvancedPart2\SpringMVC\pom.xml.
2023-12-27 17:37:33,425 [Worker-30: Updating Maven Project] INFO  o.e.m.j.i.AbstractJavaProjectConfigurator - Adding source folder /SpringMVC/src/main/java
2023-12-27 17:37:33,425 [Worker-30: Updating Maven Project] INFO  o.e.m.j.i.AbstractJavaProjectConfigurator - Adding resource folder /SpringMVC/src/main/resources
2023-12-27 17:37:33,425 [Worker-30: Updating Maven Project] INFO  o.e.m.j.i.AbstractJavaProjectConfigurator - Adding source folder /SpringMVC/src/test/java
2023-12-27 17:37:33,425 [Worker-30: Updating Maven Project] INFO  o.e.m.j.i.AbstractJavaProjectConfigurator - Adding resource folder /SpringMVC/src/test/resources
2023-12-27 17:37:33,490 [Worker-30: Updating Maven Project] INFO  o.e.m.c.i.p.ProjectConfigurationManager - Update completed for 1 poms: local refresh takes 0.00 sec, refresh facades takes 0.00 sec, update config takes 0.00 sec 
2023-12-27 17:37:33,607 [Worker-29: Building] INFO  o.a.m.s.f.DefaultMavenResourcesFiltering - Copying 0 resource from src\main\resources to target\classes
2023-12-27 17:37:33,612 [Worker-29: Building] INFO  o.a.m.s.f.DefaultMavenResourcesFiltering - skip non existing resourceDirectory C:\JavaLearning\JavaAdvanced\JavaAdvancedPart2\SpringMVC\src\test\resources
2023-12-27 17:37:53,211 [Worker-26: Building] INFO  o.a.m.s.f.DefaultMavenResourcesFiltering - Copying 0 resource from src\main\resources to target\classes
2023-12-27 17:37:53,213 [Worker-26: Building] INFO  o.a.m.s.f.DefaultMavenResourcesFiltering - skip non existing resourceDirectory C:\JavaLearning\JavaAdvanced\JavaAdvancedPart2\SpringMVC\src\test\resources
2023-12-27 17:57:52,532 [Worker-1: Loading available Gradle versions] INFO  o.e.b.c.i.u.g.PublishedGradleVersions - Gradle version information cache is up-to-date. Trying to read.
2023-12-27 18:06:58,359 [Worker-26: Building] INFO  o.a.m.s.f.DefaultMavenResourcesFiltering - Copying 0 resource from src\main\resources to target\classes
2023-12-27 18:06:58,366 [Worker-26: Building] INFO  o.a.m.s.f.DefaultMavenResourcesFiltering - skip non existing resourceDirectory C:\JavaLearning\JavaAdvanced\JavaAdvancedPart2\SpringMVC\src\test\resources
2023-12-27 18:09:41,122 [Worker-24: Building] INFO  o.a.m.s.f.DefaultMavenResourcesFiltering - Copying 0 resource from src\main\resources to target\classes
2023-12-27 18:09:41,126 [Worker-24: Building] INFO  o.a.m.s.f.DefaultMavenResourcesFiltering - skip non existing resourceDirectory C:\JavaLearning\JavaAdvanced\JavaAdvancedPart2\SpringMVC\src\test\resources
2023-12-27 18:14:23,024 [Worker-26: Building] INFO  o.a.m.s.f.DefaultMavenResourcesFiltering - Copying 0 resource from src\main\resources to target\classes
2023-12-27 18:14:23,026 [Worker-26: Building] INFO  o.a.m.s.f.DefaultMavenResourcesFiltering - skip non existing resourceDirectory C:\JavaLearning\JavaAdvanced\JavaAdvancedPart2\SpringMVC\src\test\resources
2023-12-27 18:16:59,937 [Worker-30: Building] INFO  o.a.m.s.f.DefaultMavenResourcesFiltering - Copying 0 resource from src\main\resources to target\classes
2023-12-27 18:16:59,938 [Worker-30: Building] INFO  o.a.m.s.f.DefaultMavenResourcesFiltering - skip non existing resourceDirectory C:\JavaLearning\JavaAdvanced\JavaAdvancedPart2\SpringMVC\src\test\resources
2023-12-27 18:22:33,071 [Worker-37: Building] INFO  o.a.m.s.f.DefaultMavenResourcesFiltering - Copying 0 resource from src\main\resources to target\classes
2023-12-27 18:22:33,073 [Worker-37: Building] INFO  o.a.m.s.f.DefaultMavenResourcesFiltering - skip non existing resourceDirectory C:\JavaLearning\JavaAdvanced\JavaAdvancedPart2\SpringMVC\src\test\resources
2023-12-27 18:23:23,655 [Worker-38: Building] INFO  o.a.m.s.f.DefaultMavenResourcesFiltering - Copying 0 resource from src\main\resources to target\classes
2023-12-27 18:23:23,658 [Worker-38: Building] INFO  o.a.m.s.f.DefaultMavenResourcesFiltering - skip non existing resourceDirectory C:\JavaLearning\JavaAdvanced\JavaAdvancedPart2\SpringMVC\src\test\resources
2023-12-27 18:25:00,066 [Worker-30: Building] INFO  o.a.m.s.f.DefaultMavenResourcesFiltering - Copying 0 resource from src\main\resources to target\classes
2023-12-27 18:25:00,067 [Worker-30: Building] INFO  o.a.m.s.f.DefaultMavenResourcesFiltering - skip non existing resourceDirectory C:\JavaLearning\JavaAdvanced\JavaAdvancedPart2\SpringMVC\src\test\resources
2023-12-27 18:26:46,907 [Worker-38: Building] INFO  o.a.m.s.f.DefaultMavenResourcesFiltering - Copying 0 resource from src\main\resources to target\classes
2023-12-27 18:26:46,910 [Worker-38: Building] INFO  o.a.m.s.f.DefaultMavenResourcesFiltering - skip non existing resourceDirectory C:\JavaLearning\JavaAdvanced\JavaAdvancedPart2\SpringMVC\src\test\resources
2023-12-27 18:27:10,247 [Worker-32: Building] INFO  o.a.m.s.f.DefaultMavenResourcesFiltering - Copying 0 resource from src\main\resources to target\classes
2023-12-27 18:27:10,249 [Worker-32: Building] INFO  o.a.m.s.f.DefaultMavenResourcesFiltering - skip non existing resourceDirectory C:\JavaLearning\JavaAdvanced\JavaAdvancedPart2\SpringMVC\src\test\resources
2023-12-27 18:27:56,755 [Worker-32: Building] INFO  o.a.m.s.f.DefaultMavenResourcesFiltering - Copying 0 resource from src\main\resources to target\classes
2023-12-27 18:27:56,756 [Worker-32: Building] INFO  o.a.m.s.f.DefaultMavenResourcesFiltering - skip non existing resourceDirectory C:\JavaLearning\JavaAdvanced\JavaAdvancedPart2\SpringMVC\src\test\resources
2023-12-27 18:29:00,940 [Worker-31: Building] INFO  o.a.m.s.f.DefaultMavenResourcesFiltering - Copying 0 resource from src\main\resources to target\classes
2023-12-27 18:29:00,942 [Worker-31: Building] INFO  o.a.m.s.f.DefaultMavenResourcesFiltering - skip non existing resourceDirectory C:\JavaLearning\JavaAdvanced\JavaAdvancedPart2\SpringMVC\src\test\resources
2023-12-27 18:29:24,246 [Worker-30: Updating Maven Project] INFO  o.e.m.c.i.p.ProjectConfigurationManager - Update started
2023-12-27 18:29:24,503 [Worker-30: Updating Maven Project] INFO  o.e.m.c.i.l.LifecycleMappingFactory - Using org.eclipse.m2e.jdt.JarLifecycleMapping lifecycle mapping for MavenProject: com.example:SpringMVC:1.0-SNAPSHOT @ C:\JavaLearning\JavaAdvanced\JavaAdvancedPart2\SpringMVC\pom.xml.
2023-12-27 18:29:24,661 [Worker-30: Updating Maven Project] INFO  o.e.m.j.i.AbstractJavaProjectConfigurator - Adding source folder /SpringMVC/src/main/java
2023-12-27 18:29:24,661 [Worker-30: Updating Maven Project] INFO  o.e.m.j.i.AbstractJavaProjectConfigurator - Adding resource folder /SpringMVC/src/main/resources
2023-12-27 18:29:24,662 [Worker-30: Updating Maven Project] INFO  o.e.m.j.i.AbstractJavaProjectConfigurator - Adding source folder /SpringMVC/src/test/java
2023-12-27 18:29:24,662 [Worker-30: Updating Maven Project] INFO  o.e.m.j.i.AbstractJavaProjectConfigurator - Adding resource folder /SpringMVC/src/test/resources
2023-12-27 18:29:24,790 [Worker-30: Updating Maven Project] INFO  o.e.m.c.i.p.ProjectConfigurationManager - Update completed for 1 poms: local refresh takes 0.00 sec, refresh facades takes 0.00 sec, update config takes 0.00 sec 
2023-12-27 18:29:24,946 [Worker-36: Building] INFO  o.a.m.s.f.DefaultMavenResourcesFiltering - Copying 0 resource from src\main\resources to target\classes
2023-12-27 18:29:24,951 [Worker-36: Building] INFO  o.a.m.s.f.DefaultMavenResourcesFiltering - skip non existing resourceDirectory C:\JavaLearning\JavaAdvanced\JavaAdvancedPart2\SpringMVC\src\test\resources
2023-12-27 18:29:44,109 [Worker-34: Building] INFO  o.a.m.s.f.DefaultMavenResourcesFiltering - Copying 0 resource from src\main\resources to target\classes
2023-12-27 18:29:44,111 [Worker-34: Building] INFO  o.a.m.s.f.DefaultMavenResourcesFiltering - skip non existing resourceDirectory C:\JavaLearning\JavaAdvanced\JavaAdvancedPart2\SpringMVC\src\test\resources
2023-12-27 22:13:57,639 [Worker-5: Loading available Gradle versions] INFO  o.e.b.c.i.u.g.PublishedGradleVersions - Gradle version information cache is out-of-date. Trying to update.
